#! /c/Source/iverilog-install/bin/vvp
:ivl_version "12.0 (devel)" "(s20150603-1110-g18392a46)";
:ivl_delay_selection "TYPICAL";
:vpi_time_precision + 0;
:vpi_module "C:\iverilog\lib\ivl\system.vpi";
:vpi_module "C:\iverilog\lib\ivl\vhdl_sys.vpi";
:vpi_module "C:\iverilog\lib\ivl\vhdl_textio.vpi";
:vpi_module "C:\iverilog\lib\ivl\v2005_math.vpi";
:vpi_module "C:\iverilog\lib\ivl\va_math.vpi";
S_0000027fdfc12720 .scope module, "ALU" "ALU" 2 1;
 .timescale 0 0;
    .port_info 0 /INPUT 4 "ALUCtl";
    .port_info 1 /INPUT 32 "A";
    .port_info 2 /INPUT 32 "B";
    .port_info 3 /OUTPUT 32 "ALUOut";
    .port_info 4 /OUTPUT 1 "zero";
o0000027fdfc46fd8 .functor BUFZ 32, C4<zzzzzzzzzzzzzzzzzzzzzzzzzzzzzzzz>; HiZ drive
v0000027fdfc12f40_0 .net/s "A", 31 0, o0000027fdfc46fd8;  0 drivers
o0000027fdfc47008 .functor BUFZ 4, C4<zzzz>; HiZ drive
v0000027fdfb8b950_0 .net "ALUCtl", 3 0, o0000027fdfc47008;  0 drivers
v0000027fdfb8b9f0_0 .var/s "ALUOut", 31 0;
o0000027fdfc47068 .functor BUFZ 32, C4<zzzzzzzzzzzzzzzzzzzzzzzzzzzzzzzz>; HiZ drive
v0000027fdfb8ba90_0 .net/s "B", 31 0, o0000027fdfc47068;  0 drivers
v0000027fdfb8bb30_0 .net "zero", 0 0, L_0000027fdfb8bbd0;  1 drivers
E_0000027fdfc46080 .event anyedge, v0000027fdfb8b950_0, v0000027fdfc12f40_0, v0000027fdfb8ba90_0;
L_0000027fdfb8bbd0 .cmp/eq 32, o0000027fdfc46fd8, o0000027fdfc47068;
    .scope S_0000027fdfc12720;
T_0 ;
    %wait E_0000027fdfc46080;
    %load/vec4 v0000027fdfb8b950_0;
    %dup/vec4;
    %pushi/vec4 0, 0, 4;
    %cmp/u;
    %jmp/1 T_0.0, 6;
    %dup/vec4;
    %pushi/vec4 1, 0, 4;
    %cmp/u;
    %jmp/1 T_0.1, 6;
    %dup/vec4;
    %pushi/vec4 3, 0, 4;
    %cmp/u;
    %jmp/1 T_0.2, 6;
    %dup/vec4;
    %pushi/vec4 4, 0, 4;
    %cmp/u;
    %jmp/1 T_0.3, 6;
    %dup/vec4;
    %pushi/vec4 2, 0, 4;
    %cmp/u;
    %jmp/1 T_0.4, 6;
    %dup/vec4;
    %pushi/vec4 5, 0, 4;
    %cmp/u;
    %jmp/1 T_0.5, 6;
    %dup/vec4;
    %pushi/vec4 8, 0, 4;
    %cmp/u;
    %jmp/1 T_0.6, 6;
    %dup/vec4;
    %pushi/vec4 7, 0, 4;
    %cmp/u;
    %jmp/1 T_0.7, 6;
    %pushi/vec4 0, 0, 32;
    %store/vec4 v0000027fdfb8b9f0_0, 0, 32;
    %jmp T_0.9;
T_0.0 ;
    %load/vec4 v0000027fdfc12f40_0;
    %load/vec4 v0000027fdfb8ba90_0;
    %add;
    %store/vec4 v0000027fdfb8b9f0_0, 0, 32;
    %jmp T_0.9;
T_0.1 ;
    %load/vec4 v0000027fdfc12f40_0;
    %load/vec4 v0000027fdfb8ba90_0;
    %sub;
    %store/vec4 v0000027fdfb8b9f0_0, 0, 32;
    %jmp T_0.9;
T_0.2 ;
    %load/vec4 v0000027fdfc12f40_0;
    %load/vec4 v0000027fdfb8ba90_0;
    %or;
    %store/vec4 v0000027fdfb8b9f0_0, 0, 32;
    %jmp T_0.9;
T_0.3 ;
    %load/vec4 v0000027fdfc12f40_0;
    %load/vec4 v0000027fdfb8ba90_0;
    %and;
    %store/vec4 v0000027fdfb8b9f0_0, 0, 32;
    %jmp T_0.9;
T_0.4 ;
    %load/vec4 v0000027fdfc12f40_0;
    %load/vec4 v0000027fdfb8ba90_0;
    %cmp/s;
    %flag_get/vec4 5;
    %pad/u 32;
    %store/vec4 v0000027fdfb8b9f0_0, 0, 32;
    %jmp T_0.9;
T_0.5 ;
    %load/vec4 v0000027fdfc12f40_0;
    %load/vec4 v0000027fdfb8ba90_0;
    %ix/vec4 4;
    %shiftl 4;
    %store/vec4 v0000027fdfb8b9f0_0, 0, 32;
    %jmp T_0.9;
T_0.6 ;
    %load/vec4 v0000027fdfc12f40_0;
    %load/vec4 v0000027fdfb8ba90_0;
    %ix/vec4 4;
    %shiftr/s 4;
    %store/vec4 v0000027fdfb8b9f0_0, 0, 32;
    %jmp T_0.9;
T_0.7 ;
    %load/vec4 v0000027fdfc12f40_0;
    %load/vec4 v0000027fdfb8ba90_0;
    %ix/vec4 4;
    %shiftr 4;
    %store/vec4 v0000027fdfb8b9f0_0, 0, 32;
    %jmp T_0.9;
T_0.9 ;
    %pop/vec4 1;
    %jmp T_0;
    .thread T_0, $push;
# The file index is used to find the file name in the following table.
:file_names 3;
    "N/A";
    "<interactive>";
    "ALU.v";
