#! /c/Source/iverilog-install/bin/vvp
:ivl_version "12.0 (devel)" "(s20150603-1110-g18392a46)";
:ivl_delay_selection "TYPICAL";
:vpi_time_precision + 0;
:vpi_module "C:\iverilog\lib\ivl\system.vpi";
:vpi_module "C:\iverilog\lib\ivl\vhdl_sys.vpi";
:vpi_module "C:\iverilog\lib\ivl\vhdl_textio.vpi";
:vpi_module "C:\iverilog\lib\ivl\v2005_math.vpi";
:vpi_module "C:\iverilog\lib\ivl\va_math.vpi";
S_00000196751d2720 .scope module, "ALUCtrl" "ALUCtrl" 2 1;
 .timescale 0 0;
    .port_info 0 /INPUT 2 "ALUOp";
    .port_info 1 /INPUT 1 "funct7";
    .port_info 2 /INPUT 3 "funct3";
    .port_info 3 /OUTPUT 4 "ALUCtl";
v00000196751d2f20_0 .var "ALUCtl", 3 0;
o0000019675207008 .functor BUFZ 2, C4<zz>; HiZ drive
v00000196751d3140_0 .net "ALUOp", 1 0, o0000019675207008;  0 drivers
o0000019675207038 .functor BUFZ 3, C4<zzz>; HiZ drive
v00000196751d28b0_0 .net "funct3", 2 0, o0000019675207038;  0 drivers
o0000019675207068 .functor BUFZ 1, C4<z>; HiZ drive
v00000196751d2950_0 .net "funct7", 0 0, o0000019675207068;  0 drivers
E_00000196751bc000 .event anyedge, v00000196751d3140_0, v00000196751d28b0_0, v00000196751d2950_0;
    .scope S_00000196751d2720;
T_0 ;
    %wait E_00000196751bc000;
    %load/vec4 v00000196751d3140_0;
    %dup/vec4;
    %pushi/vec4 0, 0, 2;
    %cmp/u;
    %jmp/1 T_0.0, 6;
    %dup/vec4;
    %pushi/vec4 1, 0, 2;
    %cmp/u;
    %jmp/1 T_0.1, 6;
    %dup/vec4;
    %pushi/vec4 2, 0, 2;
    %cmp/u;
    %jmp/1 T_0.2, 6;
    %pushi/vec4 0, 0, 4;
    %store/vec4 v00000196751d2f20_0, 0, 4;
    %jmp T_0.4;
T_0.0 ;
    %pushi/vec4 0, 0, 4;
    %store/vec4 v00000196751d2f20_0, 0, 4;
    %jmp T_0.4;
T_0.1 ;
    %pushi/vec4 1, 0, 4;
    %store/vec4 v00000196751d2f20_0, 0, 4;
    %jmp T_0.4;
T_0.2 ;
    %load/vec4 v00000196751d28b0_0;
    %dup/vec4;
    %pushi/vec4 0, 0, 3;
    %cmp/u;
    %jmp/1 T_0.5, 6;
    %dup/vec4;
    %pushi/vec4 2, 0, 3;
    %cmp/u;
    %jmp/1 T_0.6, 6;
    %dup/vec4;
    %pushi/vec4 6, 0, 3;
    %cmp/u;
    %jmp/1 T_0.7, 6;
    %dup/vec4;
    %pushi/vec4 7, 0, 3;
    %cmp/u;
    %jmp/1 T_0.8, 6;
    %dup/vec4;
    %pushi/vec4 4, 0, 3;
    %cmp/u;
    %jmp/1 T_0.9, 6;
    %dup/vec4;
    %pushi/vec4 1, 0, 3;
    %cmp/u;
    %jmp/1 T_0.10, 6;
    %dup/vec4;
    %pushi/vec4 5, 0, 3;
    %cmp/u;
    %jmp/1 T_0.11, 6;
    %pushi/vec4 0, 0, 4;
    %store/vec4 v00000196751d2f20_0, 0, 4;
    %jmp T_0.13;
T_0.5 ;
    %load/vec4 v00000196751d2950_0;
    %cmpi/e 1, 0, 1;
    %flag_mov 8, 4;
    %jmp/0 T_0.14, 8;
    %pushi/vec4 1, 0, 4;
    %jmp/1 T_0.15, 8;
T_0.14 ; End of true expr.
    %pushi/vec4 0, 0, 4;
    %jmp/0 T_0.15, 8;
 ; End of false expr.
    %blend;
T_0.15;
    %store/vec4 v00000196751d2f20_0, 0, 4;
    %jmp T_0.13;
T_0.6 ;
    %pushi/vec4 2, 0, 4;
    %store/vec4 v00000196751d2f20_0, 0, 4;
    %jmp T_0.13;
T_0.7 ;
    %pushi/vec4 3, 0, 4;
    %store/vec4 v00000196751d2f20_0, 0, 4;
    %jmp T_0.13;
T_0.8 ;
    %pushi/vec4 4, 0, 4;
    %store/vec4 v00000196751d2f20_0, 0, 4;
    %jmp T_0.13;
T_0.9 ;
    %pushi/vec4 5, 0, 4;
    %store/vec4 v00000196751d2f20_0, 0, 4;
    %jmp T_0.13;
T_0.10 ;
    %pushi/vec4 6, 0, 4;
    %store/vec4 v00000196751d2f20_0, 0, 4;
    %jmp T_0.13;
T_0.11 ;
    %load/vec4 v00000196751d2950_0;
    %cmpi/e 1, 0, 1;
    %flag_mov 8, 4;
    %jmp/0 T_0.16, 8;
    %pushi/vec4 8, 0, 4;
    %jmp/1 T_0.17, 8;
T_0.16 ; End of true expr.
    %pushi/vec4 7, 0, 4;
    %jmp/0 T_0.17, 8;
 ; End of false expr.
    %blend;
T_0.17;
    %store/vec4 v00000196751d2f20_0, 0, 4;
    %jmp T_0.13;
T_0.13 ;
    %pop/vec4 1;
    %jmp T_0.4;
T_0.4 ;
    %pop/vec4 1;
    %jmp T_0;
    .thread T_0, $push;
# The file index is used to find the file name in the following table.
:file_names 3;
    "N/A";
    "<interactive>";
    "ALUCtrl.v";
