#! /c/Source/iverilog-install/bin/vvp
:ivl_version "12.0 (devel)" "(s20150603-1110-g18392a46)";
:ivl_delay_selection "TYPICAL";
:vpi_time_precision + 0;
:vpi_module "C:\iverilog\lib\ivl\system.vpi";
:vpi_module "C:\iverilog\lib\ivl\vhdl_sys.vpi";
:vpi_module "C:\iverilog\lib\ivl\vhdl_textio.vpi";
:vpi_module "C:\iverilog\lib\ivl\v2005_math.vpi";
:vpi_module "C:\iverilog\lib\ivl\va_math.vpi";
S_0000024707412830 .scope module, "Control" "Control" 2 1;
 .timescale 0 0;
    .port_info 0 /INPUT 7 "opcode";
    .port_info 1 /OUTPUT 1 "branch";
    .port_info 2 /INPUT 3 "func3";
    .port_info 3 /OUTPUT 1 "memRead";
    .port_info 4 /OUTPUT 1 "memtoReg";
    .port_info 5 /OUTPUT 2 "ALUOp";
    .port_info 6 /OUTPUT 1 "memWrite";
    .port_info 7 /OUTPUT 1 "ALUSrc";
    .port_info 8 /OUTPUT 1 "regWrite";
v00000247074131d0_0 .var "ALUOp", 1 0;
v00000247074129c0_0 .var "ALUSrc", 0 0;
v0000024707412a60_0 .var "branch", 0 0;
o000002470744e028 .functor BUFZ 3, C4<zzz>; HiZ drive
v0000024707412b00_0 .net "func3", 2 0, o000002470744e028;  0 drivers
v000002470751b880_0 .var "memRead", 0 0;
v000002470751b920_0 .var "memWrite", 0 0;
v000002470751b9c0_0 .var "memtoReg", 0 0;
o000002470744e0e8 .functor BUFZ 7, C4<zzzzzzz>; HiZ drive
v000002470751ba60_0 .net "opcode", 6 0, o000002470744e0e8;  0 drivers
v000002470751bb00_0 .var "regWrite", 0 0;
E_0000024707518430 .event anyedge, v000002470751ba60_0, v0000024707412b00_0;
    .scope S_0000024707412830;
T_0 ;
    %wait E_0000024707518430;
    %load/vec4 v000002470751ba60_0;
    %dup/vec4;
    %pushi/vec4 51, 0, 7;
    %cmp/u;
    %jmp/1 T_0.0, 6;
    %dup/vec4;
    %pushi/vec4 19, 0, 7;
    %cmp/u;
    %jmp/1 T_0.1, 6;
    %dup/vec4;
    %pushi/vec4 3, 0, 7;
    %cmp/u;
    %jmp/1 T_0.2, 6;
    %dup/vec4;
    %pushi/vec4 35, 0, 7;
    %cmp/u;
    %jmp/1 T_0.3, 6;
    %dup/vec4;
    %pushi/vec4 99, 0, 7;
    %cmp/u;
    %jmp/1 T_0.4, 6;
    %dup/vec4;
    %pushi/vec4 111, 0, 7;
    %cmp/u;
    %jmp/1 T_0.5, 6;
    %pushi/vec4 0, 0, 1;
    %store/vec4 v0000024707412a60_0, 0, 1;
    %pushi/vec4 0, 0, 1;
    %store/vec4 v000002470751b880_0, 0, 1;
    %pushi/vec4 0, 0, 1;
    %store/vec4 v000002470751b9c0_0, 0, 1;
    %pushi/vec4 0, 0, 2;
    %store/vec4 v00000247074131d0_0, 0, 2;
    %pushi/vec4 0, 0, 1;
    %store/vec4 v000002470751b920_0, 0, 1;
    %pushi/vec4 0, 0, 1;
    %store/vec4 v00000247074129c0_0, 0, 1;
    %pushi/vec4 0, 0, 1;
    %store/vec4 v000002470751bb00_0, 0, 1;
    %jmp T_0.7;
T_0.0 ;
    %pushi/vec4 0, 0, 1;
    %store/vec4 v0000024707412a60_0, 0, 1;
    %pushi/vec4 0, 0, 1;
    %store/vec4 v000002470751b880_0, 0, 1;
    %pushi/vec4 0, 0, 1;
    %store/vec4 v000002470751b9c0_0, 0, 1;
    %pushi/vec4 2, 0, 2;
    %store/vec4 v00000247074131d0_0, 0, 2;
    %pushi/vec4 0, 0, 1;
    %store/vec4 v000002470751b920_0, 0, 1;
    %pushi/vec4 0, 0, 1;
    %store/vec4 v00000247074129c0_0, 0, 1;
    %pushi/vec4 1, 0, 1;
    %store/vec4 v000002470751bb00_0, 0, 1;
    %jmp T_0.7;
T_0.1 ;
    %load/vec4 v0000024707412b00_0;
    %pad/u 32;
    %cmpi/e 0, 0, 32;
    %jmp/0xz  T_0.8, 4;
    %pushi/vec4 0, 0, 2;
    %store/vec4 v00000247074131d0_0, 0, 2;
    %jmp T_0.9;
T_0.8 ;
    %pushi/vec4 2, 0, 2;
    %store/vec4 v00000247074131d0_0, 0, 2;
T_0.9 ;
    %pushi/vec4 0, 0, 1;
    %store/vec4 v0000024707412a60_0, 0, 1;
    %pushi/vec4 0, 0, 1;
    %store/vec4 v000002470751b880_0, 0, 1;
    %pushi/vec4 0, 0, 1;
    %store/vec4 v000002470751b9c0_0, 0, 1;
    %pushi/vec4 0, 0, 1;
    %store/vec4 v000002470751b920_0, 0, 1;
    %pushi/vec4 1, 0, 1;
    %store/vec4 v00000247074129c0_0, 0, 1;
    %pushi/vec4 1, 0, 1;
    %store/vec4 v000002470751bb00_0, 0, 1;
    %jmp T_0.7;
T_0.2 ;
    %pushi/vec4 0, 0, 1;
    %store/vec4 v0000024707412a60_0, 0, 1;
    %pushi/vec4 1, 0, 1;
    %store/vec4 v000002470751b880_0, 0, 1;
    %pushi/vec4 1, 0, 1;
    %store/vec4 v000002470751b9c0_0, 0, 1;
    %pushi/vec4 0, 0, 2;
    %store/vec4 v00000247074131d0_0, 0, 2;
    %pushi/vec4 0, 0, 1;
    %store/vec4 v000002470751b920_0, 0, 1;
    %pushi/vec4 1, 0, 1;
    %store/vec4 v00000247074129c0_0, 0, 1;
    %pushi/vec4 1, 0, 1;
    %store/vec4 v000002470751bb00_0, 0, 1;
    %jmp T_0.7;
T_0.3 ;
    %pushi/vec4 0, 0, 1;
    %store/vec4 v0000024707412a60_0, 0, 1;
    %pushi/vec4 0, 0, 1;
    %store/vec4 v000002470751b880_0, 0, 1;
    %pushi/vec4 0, 0, 1;
    %store/vec4 v000002470751b9c0_0, 0, 1;
    %pushi/vec4 0, 0, 2;
    %store/vec4 v00000247074131d0_0, 0, 2;
    %pushi/vec4 1, 0, 1;
    %store/vec4 v000002470751b920_0, 0, 1;
    %pushi/vec4 1, 0, 1;
    %store/vec4 v00000247074129c0_0, 0, 1;
    %pushi/vec4 0, 0, 1;
    %store/vec4 v000002470751bb00_0, 0, 1;
    %jmp T_0.7;
T_0.4 ;
    %pushi/vec4 1, 0, 1;
    %store/vec4 v0000024707412a60_0, 0, 1;
    %pushi/vec4 0, 0, 1;
    %store/vec4 v000002470751b880_0, 0, 1;
    %pushi/vec4 0, 0, 1;
    %store/vec4 v000002470751b9c0_0, 0, 1;
    %pushi/vec4 1, 0, 2;
    %store/vec4 v00000247074131d0_0, 0, 2;
    %pushi/vec4 0, 0, 1;
    %store/vec4 v000002470751b920_0, 0, 1;
    %pushi/vec4 0, 0, 1;
    %store/vec4 v00000247074129c0_0, 0, 1;
    %pushi/vec4 0, 0, 1;
    %store/vec4 v000002470751bb00_0, 0, 1;
    %jmp T_0.7;
T_0.5 ;
    %pushi/vec4 0, 0, 1;
    %store/vec4 v0000024707412a60_0, 0, 1;
    %pushi/vec4 0, 0, 1;
    %store/vec4 v000002470751b880_0, 0, 1;
    %pushi/vec4 0, 0, 1;
    %store/vec4 v000002470751b9c0_0, 0, 1;
    %pushi/vec4 0, 0, 2;
    %store/vec4 v00000247074131d0_0, 0, 2;
    %pushi/vec4 0, 0, 1;
    %store/vec4 v000002470751b920_0, 0, 1;
    %pushi/vec4 1, 0, 1;
    %store/vec4 v00000247074129c0_0, 0, 1;
    %pushi/vec4 1, 0, 1;
    %store/vec4 v000002470751bb00_0, 0, 1;
    %jmp T_0.7;
T_0.7 ;
    %pop/vec4 1;
    %jmp T_0;
    .thread T_0, $push;
# The file index is used to find the file name in the following table.
:file_names 3;
    "N/A";
    "<interactive>";
    "Control.v";
