#! /c/Source/iverilog-install/bin/vvp
:ivl_version "12.0 (devel)" "(s20150603-1110-g18392a46)";
:ivl_delay_selection "TYPICAL";
:vpi_time_precision + 0;
:vpi_module "C:\iverilog\lib\ivl\system.vpi";
:vpi_module "C:\iverilog\lib\ivl\vhdl_sys.vpi";
:vpi_module "C:\iverilog\lib\ivl\vhdl_textio.vpi";
:vpi_module "C:\iverilog\lib\ivl\v2005_math.vpi";
:vpi_module "C:\iverilog\lib\ivl\va_math.vpi";
S_0000021ca7b66cf0 .scope module, "PC" "PC" 2 1;
 .timescale 0 0;
    .port_info 0 /INPUT 1 "clk";
    .port_info 1 /INPUT 1 "rst";
    .port_info 2 /INPUT 32 "pc_i";
    .port_info 3 /OUTPUT 32 "pc_o";
o0000021ca7b66e88 .functor BUFZ 1, C4<z>; HiZ drive
v0000021ca7b32dd0_0 .net "clk", 0 0, o0000021ca7b66e88;  0 drivers
o0000021ca7b66eb8 .functor BUFZ 32, C4<zzzzzzzzzzzzzzzzzzzzzzzzzzzzzzzz>; HiZ drive
v0000021ca7b32b20_0 .net "pc_i", 31 0, o0000021ca7b66eb8;  0 drivers
v0000021ca7aae470_0 .var "pc_o", 31 0;
o0000021ca7b66f18 .functor BUFZ 1, C4<z>; HiZ drive
v0000021ca7aae510_0 .net "rst", 0 0, o0000021ca7b66f18;  0 drivers
E_0000021ca7b65020 .event posedge, v0000021ca7b32dd0_0;
    .scope S_0000021ca7b66cf0;
T_0 ;
    %wait E_0000021ca7b65020;
    %load/vec4 v0000021ca7aae510_0;
    %inv;
    %flag_set/vec4 8;
    %jmp/0xz  T_0.0, 8;
    %pushi/vec4 0, 0, 32;
    %assign/vec4 v0000021ca7aae470_0, 0;
    %jmp T_0.1;
T_0.0 ;
    %load/vec4 v0000021ca7b32b20_0;
    %assign/vec4 v0000021ca7aae470_0, 0;
T_0.1 ;
    %jmp T_0;
    .thread T_0;
# The file index is used to find the file name in the following table.
:file_names 3;
    "N/A";
    "<interactive>";
    "PC.v";
