#! /c/Source/iverilog-install/bin/vvp
:ivl_version "12.0 (devel)" "(s20150603-1110-g18392a46)";
:ivl_delay_selection "TYPICAL";
:vpi_time_precision + 0;
:vpi_module "C:\iverilog\lib\ivl\system.vpi";
:vpi_module "C:\iverilog\lib\ivl\vhdl_sys.vpi";
:vpi_module "C:\iverilog\lib\ivl\vhdl_textio.vpi";
:vpi_module "C:\iverilog\lib\ivl\v2005_math.vpi";
:vpi_module "C:\iverilog\lib\ivl\va_math.vpi";
S_00000216c5f7b8b0 .scope module, "s_axil" "s_axil" 2 7;
 .timescale 0 0;
    .port_info 0 /INPUT 1 "aclk";
    .port_info 1 /INPUT 1 "aresetn";
    .port_info 2 /INPUT 4 "s_axi_awaddr";
    .port_info 3 /INPUT 1 "s_axi_awvalid";
    .port_info 4 /OUTPUT 1 "s_axi_awready";
    .port_info 5 /INPUT 32 "s_axi_wdata";
    .port_info 6 /INPUT 1 "s_axi_wvalid";
    .port_info 7 /OUTPUT 1 "s_axi_wready";
    .port_info 8 /OUTPUT 2 "s_axi_bresp";
    .port_info 9 /OUTPUT 1 "s_axi_bvalid";
    .port_info 10 /INPUT 1 "s_axi_bready";
    .port_info 11 /INPUT 4 "s_axi_araddr";
    .port_info 12 /INPUT 1 "s_axi_arvalid";
    .port_info 13 /OUTPUT 1 "s_axi_arready";
    .port_info 14 /OUTPUT 32 "s_axi_rdata";
    .port_info 15 /OUTPUT 2 "s_axi_rresp";
    .port_info 16 /OUTPUT 1 "s_axi_rvalid";
    .port_info 17 /INPUT 1 "s_axi_rready";
    .port_info 18 /OUTPUT 32 "m_axis_tdata";
    .port_info 19 /OUTPUT 1 "m_axis_tvalid";
    .port_info 20 /INPUT 1 "m_axis_tready";
P_00000216c6002d50 .param/l "C_AXIL_ADDR_WIDTH" 0 2 8, +C4<00000000000000000000000000000100>;
P_00000216c6002d88 .param/l "C_AXIL_DATA_WIDTH" 0 2 9, +C4<00000000000000000000000000100000>;
o00000216c6049fd8 .functor BUFZ 1, C4<z>; HiZ drive
v00000216c5f7ad10_0 .net "aclk", 0 0, o00000216c6049fd8;  0 drivers
o00000216c604a008 .functor BUFZ 1, C4<z>; HiZ drive
v00000216c5f7b5c0_0 .net "aresetn", 0 0, o00000216c604a008;  0 drivers
v00000216c6002e70_0 .var "lfsr_tdata", 7 0;
v00000216c5f7bba0_0 .var "lfsr_tvalid", 0 0;
v00000216c6002b20_0 .var "m_axis_tdata", 31 0;
o00000216c604a0c8 .functor BUFZ 1, C4<z>; HiZ drive
v00000216c6094870_0 .net "m_axis_tready", 0 0, o00000216c604a0c8;  0 drivers
v00000216c6094910_0 .var "m_axis_tvalid", 0 0;
o00000216c604a128 .functor BUFZ 4, C4<zzzz>; HiZ drive
v00000216c60949b0_0 .net "s_axi_araddr", 3 0, o00000216c604a128;  0 drivers
v00000216c6094a50_0 .var "s_axi_arready", 0 0;
o00000216c604a188 .functor BUFZ 1, C4<z>; HiZ drive
v00000216c6094af0_0 .net "s_axi_arvalid", 0 0, o00000216c604a188;  0 drivers
o00000216c604a1b8 .functor BUFZ 4, C4<zzzz>; HiZ drive
v00000216c6094b90_0 .net "s_axi_awaddr", 3 0, o00000216c604a1b8;  0 drivers
v00000216c6094c30_0 .var "s_axi_awready", 0 0;
o00000216c604a218 .functor BUFZ 1, C4<z>; HiZ drive
v00000216c6094cd0_0 .net "s_axi_awvalid", 0 0, o00000216c604a218;  0 drivers
o00000216c604a248 .functor BUFZ 1, C4<z>; HiZ drive
v00000216c6094d70_0 .net "s_axi_bready", 0 0, o00000216c604a248;  0 drivers
v00000216c6094e10_0 .var "s_axi_bresp", 1 0;
v00000216c60336f0_0 .var "s_axi_bvalid", 0 0;
v00000216c60335b0_0 .var "s_axi_rdata", 31 0;
o00000216c604a308 .functor BUFZ 1, C4<z>; HiZ drive
v00000216c6032d90_0 .net "s_axi_rready", 0 0, o00000216c604a308;  0 drivers
v00000216c60330b0_0 .var "s_axi_rresp", 1 0;
v00000216c60329d0_0 .var "s_axi_rvalid", 0 0;
o00000216c604a398 .functor BUFZ 32, C4<zzzzzzzzzzzzzzzzzzzzzzzzzzzzzzzz>; HiZ drive
v00000216c6032a70_0 .net "s_axi_wdata", 31 0, o00000216c604a398;  0 drivers
v00000216c6033650_0 .var "s_axi_wready", 0 0;
o00000216c604a3f8 .functor BUFZ 1, C4<z>; HiZ drive
v00000216c60333d0_0 .net "s_axi_wvalid", 0 0, o00000216c604a3f8;  0 drivers
v00000216c6032f70_0 .var "seed_reg", 7 0;
v00000216c6032cf0_0 .var "start_reg", 0 0;
v00000216c6033510_0 .var "stop_reg", 0 0;
v00000216c6033290_0 .var "taps_reg", 7 0;
E_00000216c6026ef0 .event posedge, v00000216c5f7ad10_0;
E_00000216c6027230/0 .event anyedge, v00000216c5f7b5c0_0, v00000216c6033510_0, v00000216c6002e70_0, v00000216c6032cf0_0;
E_00000216c6027230/1 .event anyedge, v00000216c5f7bba0_0, v00000216c6032f70_0, v00000216c6094870_0, v00000216c6033290_0;
E_00000216c6027230 .event/or E_00000216c6027230/0, E_00000216c6027230/1;
    .scope S_00000216c5f7b8b0;
T_0 ;
    %wait E_00000216c6026ef0;
    %load/vec4 v00000216c5f7b5c0_0;
    %nor/r;
    %flag_set/vec4 8;
    %jmp/0xz  T_0.0, 8;
    %pushi/vec4 0, 0, 1;
    %assign/vec4 v00000216c6094c30_0, 0;
    %pushi/vec4 0, 0, 1;
    %assign/vec4 v00000216c6033650_0, 0;
    %jmp T_0.1;
T_0.0 ;
    %load/vec4 v00000216c6094cd0_0;
    %load/vec4 v00000216c60333d0_0;
    %and;
    %load/vec4 v00000216c6094c30_0;
    %nor/r;
    %and;
    %load/vec4 v00000216c6033650_0;
    %nor/r;
    %and;
    %flag_set/vec4 8;
    %jmp/0xz  T_0.2, 8;
    %pushi/vec4 1, 0, 1;
    %assign/vec4 v00000216c6094c30_0, 0;
    %pushi/vec4 1, 0, 1;
    %assign/vec4 v00000216c6033650_0, 0;
    %load/vec4 v00000216c6094b90_0;
    %dup/vec4;
    %pushi/vec4 0, 0, 4;
    %cmp/u;
    %jmp/1 T_0.4, 6;
    %dup/vec4;
    %pushi/vec4 4, 0, 4;
    %cmp/u;
    %jmp/1 T_0.5, 6;
    %dup/vec4;
    %pushi/vec4 8, 0, 4;
    %cmp/u;
    %jmp/1 T_0.6, 6;
    %dup/vec4;
    %pushi/vec4 12, 0, 4;
    %cmp/u;
    %jmp/1 T_0.7, 6;
    %jmp T_0.8;
T_0.4 ;
    %pushi/vec4 1, 0, 1;
    %assign/vec4 v00000216c6032cf0_0, 0;
    %jmp T_0.8;
T_0.5 ;
    %load/vec4 v00000216c6032a70_0;
    %parti/s 1, 0, 2;
    %assign/vec4 v00000216c6033510_0, 0;
    %jmp T_0.8;
T_0.6 ;
    %load/vec4 v00000216c6032a70_0;
    %parti/s 8, 0, 2;
    %assign/vec4 v00000216c6032f70_0, 0;
    %jmp T_0.8;
T_0.7 ;
    %load/vec4 v00000216c6032a70_0;
    %parti/s 8, 0, 2;
    %assign/vec4 v00000216c6033290_0, 0;
    %jmp T_0.8;
T_0.8 ;
    %pop/vec4 1;
    %pushi/vec4 0, 0, 2;
    %assign/vec4 v00000216c6094e10_0, 0;
    %pushi/vec4 1, 0, 1;
    %assign/vec4 v00000216c60336f0_0, 0;
T_0.2 ;
    %load/vec4 v00000216c6094cd0_0;
    %load/vec4 v00000216c60333d0_0;
    %and;
    %load/vec4 v00000216c6094c30_0;
    %and;
    %load/vec4 v00000216c6033650_0;
    %and;
    %flag_set/vec4 8;
    %jmp/0xz  T_0.9, 8;
    %pushi/vec4 0, 0, 2;
    %assign/vec4 v00000216c6094e10_0, 0;
    %pushi/vec4 1, 0, 1;
    %assign/vec4 v00000216c60336f0_0, 0;
    %jmp T_0.10;
T_0.9 ;
    %load/vec4 v00000216c6094c30_0;
    %load/vec4 v00000216c6033650_0;
    %and;
    %flag_set/vec4 8;
    %jmp/0xz  T_0.11, 8;
    %pushi/vec4 0, 0, 1;
    %assign/vec4 v00000216c6094c30_0, 0;
    %pushi/vec4 0, 0, 1;
    %assign/vec4 v00000216c6033650_0, 0;
T_0.11 ;
T_0.10 ;
    %load/vec4 v00000216c6094d70_0;
    %flag_set/vec4 8;
    %jmp/0xz  T_0.13, 8;
    %pushi/vec4 0, 0, 1;
    %assign/vec4 v00000216c60336f0_0, 0;
T_0.13 ;
T_0.1 ;
    %jmp T_0;
    .thread T_0;
    .scope S_00000216c5f7b8b0;
T_1 ;
    %wait E_00000216c6026ef0;
    %load/vec4 v00000216c5f7b5c0_0;
    %nor/r;
    %flag_set/vec4 8;
    %jmp/0xz  T_1.0, 8;
    %pushi/vec4 0, 0, 1;
    %assign/vec4 v00000216c6094a50_0, 0;
    %pushi/vec4 0, 0, 32;
    %assign/vec4 v00000216c60335b0_0, 0;
    %pushi/vec4 0, 0, 2;
    %assign/vec4 v00000216c60330b0_0, 0;
    %pushi/vec4 0, 0, 1;
    %assign/vec4 v00000216c60329d0_0, 0;
    %jmp T_1.1;
T_1.0 ;
    %load/vec4 v00000216c6094af0_0;
    %load/vec4 v00000216c6094a50_0;
    %nor/r;
    %and;
    %load/vec4 v00000216c60330b0_0;
    %nor/r;
    %and;
    %load/vec4 v00000216c60329d0_0;
    %nor/r;
    %and;
    %flag_set/vec4 8;
    %jmp/0xz  T_1.2, 8;
    %pushi/vec4 1, 0, 1;
    %assign/vec4 v00000216c6094a50_0, 0;
    %pushi/vec4 0, 0, 2;
    %assign/vec4 v00000216c60330b0_0, 0;
    %pushi/vec4 1, 0, 1;
    %assign/vec4 v00000216c60329d0_0, 0;
    %load/vec4 v00000216c6094b90_0;
    %dup/vec4;
    %pushi/vec4 0, 0, 4;
    %cmp/u;
    %jmp/1 T_1.4, 6;
    %dup/vec4;
    %pushi/vec4 4, 0, 4;
    %cmp/u;
    %jmp/1 T_1.5, 6;
    %dup/vec4;
    %pushi/vec4 8, 0, 4;
    %cmp/u;
    %jmp/1 T_1.6, 6;
    %dup/vec4;
    %pushi/vec4 12, 0, 4;
    %cmp/u;
    %jmp/1 T_1.7, 6;
    %jmp T_1.8;
T_1.4 ;
    %pushi/vec4 0, 0, 31;
    %load/vec4 v00000216c6032cf0_0;
    %concat/vec4; draw_concat_vec4
    %store/vec4 v00000216c60335b0_0, 0, 32;
    %jmp T_1.8;
T_1.5 ;
    %pushi/vec4 0, 0, 31;
    %load/vec4 v00000216c6033510_0;
    %concat/vec4; draw_concat_vec4
    %store/vec4 v00000216c60335b0_0, 0, 32;
    %jmp T_1.8;
T_1.6 ;
    %pushi/vec4 0, 0, 24;
    %load/vec4 v00000216c6032f70_0;
    %concat/vec4; draw_concat_vec4
    %store/vec4 v00000216c60335b0_0, 0, 32;
    %jmp T_1.8;
T_1.7 ;
    %pushi/vec4 0, 0, 24;
    %load/vec4 v00000216c6033290_0;
    %concat/vec4; draw_concat_vec4
    %store/vec4 v00000216c60335b0_0, 0, 32;
    %jmp T_1.8;
T_1.8 ;
    %pop/vec4 1;
    %jmp T_1.3;
T_1.2 ;
    %load/vec4 v00000216c6094a50_0;
    %load/vec4 v00000216c60329d0_0;
    %and;
    %flag_set/vec4 8;
    %jmp/0xz  T_1.9, 8;
    %pushi/vec4 0, 0, 1;
    %assign/vec4 v00000216c6094a50_0, 0;
    %pushi/vec4 0, 0, 2;
    %assign/vec4 v00000216c60330b0_0, 0;
    %pushi/vec4 0, 0, 1;
    %assign/vec4 v00000216c60329d0_0, 0;
T_1.9 ;
T_1.3 ;
T_1.1 ;
    %jmp T_1;
    .thread T_1;
    .scope S_00000216c5f7b8b0;
T_2 ;
    %wait E_00000216c6027230;
    %load/vec4 v00000216c5f7b5c0_0;
    %nor/r;
    %flag_set/vec4 8;
    %jmp/0xz  T_2.0, 8;
    %pushi/vec4 0, 0, 1;
    %store/vec4 v00000216c5f7bba0_0, 0, 1;
    %pushi/vec4 0, 0, 8;
    %store/vec4 v00000216c6002e70_0, 0, 8;
    %pushi/vec4 0, 0, 1;
    %assign/vec4 v00000216c6033510_0, 0;
    %jmp T_2.1;
T_2.0 ;
    %load/vec4 v00000216c6033510_0;
    %flag_set/vec4 8;
    %jmp/0xz  T_2.2, 8;
    %load/vec4 v00000216c6002e70_0;
    %store/vec4 v00000216c6002e70_0, 0, 8;
    %pushi/vec4 0, 0, 1;
    %store/vec4 v00000216c5f7bba0_0, 0, 1;
    %jmp T_2.3;
T_2.2 ;
    %load/vec4 v00000216c6032cf0_0;
    %flag_set/vec4 8;
    %jmp/0xz  T_2.4, 8;
    %load/vec4 v00000216c5f7bba0_0;
    %nor/r;
    %flag_set/vec4 8;
    %jmp/0xz  T_2.6, 8;
    %load/vec4 v00000216c6032f70_0;
    %store/vec4 v00000216c6002e70_0, 0, 8;
    %pushi/vec4 1, 0, 1;
    %store/vec4 v00000216c5f7bba0_0, 0, 1;
    %jmp T_2.7;
T_2.6 ;
    %load/vec4 v00000216c6094870_0;
    %load/vec4 v00000216c5f7bba0_0;
    %and;
    %flag_set/vec4 8;
    %jmp/0xz  T_2.8, 8;
    %load/vec4 v00000216c6002e70_0;
    %parti/s 7, 0, 2;
    %load/vec4 v00000216c6033290_0;
    %load/vec4 v00000216c6002e70_0;
    %and;
    %xor/r;
    %concat/vec4; draw_concat_vec4
    %store/vec4 v00000216c6002e70_0, 0, 8;
T_2.8 ;
T_2.7 ;
T_2.4 ;
T_2.3 ;
T_2.1 ;
    %jmp T_2;
    .thread T_2, $push;
    .scope S_00000216c5f7b8b0;
T_3 ;
    %wait E_00000216c6026ef0;
    %load/vec4 v00000216c5f7b5c0_0;
    %nor/r;
    %flag_set/vec4 8;
    %jmp/0xz  T_3.0, 8;
    %pushi/vec4 0, 0, 32;
    %assign/vec4 v00000216c6002b20_0, 0;
    %pushi/vec4 0, 0, 1;
    %assign/vec4 v00000216c6094910_0, 0;
    %jmp T_3.1;
T_3.0 ;
    %load/vec4 v00000216c5f7bba0_0;
    %assign/vec4 v00000216c6094910_0, 0;
    %pushi/vec4 0, 0, 24;
    %load/vec4 v00000216c6002e70_0;
    %concat/vec4; draw_concat_vec4
    %assign/vec4 v00000216c6002b20_0, 0;
T_3.1 ;
    %jmp T_3;
    .thread T_3;
# The file index is used to find the file name in the following table.
:file_names 3;
    "N/A";
    "<interactive>";
    "saxl_lfsr.v";
