#! /c/Source/iverilog-install/bin/vvp
:ivl_version "12.0 (devel)" "(s20150603-1110-g18392a46)";
:ivl_delay_selection "TYPICAL";
:vpi_time_precision + 0;
:vpi_module "C:\iverilog\lib\ivl\system.vpi";
:vpi_module "C:\iverilog\lib\ivl\vhdl_sys.vpi";
:vpi_module "C:\iverilog\lib\ivl\vhdl_textio.vpi";
:vpi_module "C:\iverilog\lib\ivl\v2005_math.vpi";
:vpi_module "C:\iverilog\lib\ivl\va_math.vpi";
S_000002120df42720 .scope module, "ALU" "ALU" 2 1;
 .timescale 0 0;
    .port_info 0 /INPUT 4 "ALUCtl";
    .port_info 1 /INPUT 32 "A";
    .port_info 2 /INPUT 32 "B";
    .port_info 3 /OUTPUT 32 "ALUOut";
    .port_info 4 /OUTPUT 1 "zero";
o000002120df79038 .functor BUFZ 32, C4<zzzzzzzzzzzzzzzzzzzzzzzzzzzzzzzz>; HiZ drive
v000002120df42a40_0 .net/s "A", 31 0, o000002120df79038;  0 drivers
o000002120df79068 .functor BUFZ 4, C4<zzzz>; HiZ drive
v000002120df42ae0_0 .net "ALUCtl", 3 0, o000002120df79068;  0 drivers
v000002120dfc0030_0 .var/s "ALUOut", 31 0;
o000002120df790c8 .functor BUFZ 32, C4<zzzzzzzzzzzzzzzzzzzzzzzzzzzzzzzz>; HiZ drive
v000002120dfc00d0_0 .net/s "B", 31 0, o000002120df790c8;  0 drivers
v000002120dfc0170_0 .net "zero", 0 0, L_000002120dfc0210;  1 drivers
E_000002120df28580 .event anyedge, v000002120df42ae0_0, v000002120df42a40_0, v000002120dfc00d0_0;
L_000002120dfc0210 .cmp/eq 32, o000002120df79038, o000002120df790c8;
S_000002120df428b0 .scope function.vec4.s32, "counting_trailing_Zeros" "counting_trailing_Zeros" 2 23, 2 23 0, S_000002120df42720;
 .timescale 0 0;
; Variable counting_trailing_Zeros is vec4 return value of scope S_000002120df428b0
v000002120df2bb10_0 .var/i "i", 31 0;
v000002120df2bbb0_0 .var "val", 31 0;
TD_ALU.counting_trailing_Zeros ;
    %pushi/vec4 32, 0, 32;
    %ret/vec4 0, 0, 32;  Assign to counting_trailing_Zeros (store_vec4_to_lval)
    %pushi/vec4 0, 0, 32;
    %store/vec4 v000002120df2bb10_0, 0, 32;
T_0.0 ;
    %load/vec4 v000002120df2bb10_0;
    %cmpi/s 32, 0, 32;
    %jmp/0xz T_0.1, 5;
    %load/vec4 v000002120df2bbb0_0;
    %load/vec4 v000002120df2bb10_0;
    %part/s 1;
    %pushi/vec4 1, 0, 1;
    %cmp/e;
    %flag_get/vec4 4;
    %retload/vec4 0; Load counting_trailing_Zeros (draw_signal_vec4)
    %pushi/vec4 32, 0, 32;
    %cmp/e;
    %flag_get/vec4 4;
    %and;
    %flag_set/vec4 8;
    %jmp/0xz  T_0.2, 8;
    %load/vec4 v000002120df2bb10_0;
    %ret/vec4 0, 0, 32;  Assign to counting_trailing_Zeros (store_vec4_to_lval)
T_0.2 ;
    %load/vec4 v000002120df2bb10_0;
    %addi 1, 0, 32;
    %store/vec4 v000002120df2bb10_0, 0, 32;
    %jmp T_0.0;
T_0.1 ;
    %end;
    .scope S_000002120df42720;
T_1 ;
    %wait E_000002120df28580;
    %load/vec4 v000002120df42ae0_0;
    %dup/vec4;
    %pushi/vec4 0, 0, 4;
    %cmp/u;
    %jmp/1 T_1.0, 6;
    %dup/vec4;
    %pushi/vec4 1, 0, 4;
    %cmp/u;
    %jmp/1 T_1.1, 6;
    %dup/vec4;
    %pushi/vec4 3, 0, 4;
    %cmp/u;
    %jmp/1 T_1.2, 6;
    %dup/vec4;
    %pushi/vec4 4, 0, 4;
    %cmp/u;
    %jmp/1 T_1.3, 6;
    %dup/vec4;
    %pushi/vec4 2, 0, 4;
    %cmp/u;
    %jmp/1 T_1.4, 6;
    %dup/vec4;
    %pushi/vec4 5, 0, 4;
    %cmp/u;
    %jmp/1 T_1.5, 6;
    %dup/vec4;
    %pushi/vec4 8, 0, 4;
    %cmp/u;
    %jmp/1 T_1.6, 6;
    %dup/vec4;
    %pushi/vec4 7, 0, 4;
    %cmp/u;
    %jmp/1 T_1.7, 6;
    %dup/vec4;
    %pushi/vec4 15, 0, 4;
    %cmp/u;
    %jmp/1 T_1.8, 6;
    %pushi/vec4 0, 0, 32;
    %store/vec4 v000002120dfc0030_0, 0, 32;
    %jmp T_1.10;
T_1.0 ;
    %load/vec4 v000002120df42a40_0;
    %load/vec4 v000002120dfc00d0_0;
    %add;
    %store/vec4 v000002120dfc0030_0, 0, 32;
    %jmp T_1.10;
T_1.1 ;
    %load/vec4 v000002120df42a40_0;
    %load/vec4 v000002120dfc00d0_0;
    %sub;
    %store/vec4 v000002120dfc0030_0, 0, 32;
    %jmp T_1.10;
T_1.2 ;
    %load/vec4 v000002120df42a40_0;
    %load/vec4 v000002120dfc00d0_0;
    %or;
    %store/vec4 v000002120dfc0030_0, 0, 32;
    %jmp T_1.10;
T_1.3 ;
    %load/vec4 v000002120df42a40_0;
    %load/vec4 v000002120dfc00d0_0;
    %and;
    %store/vec4 v000002120dfc0030_0, 0, 32;
    %jmp T_1.10;
T_1.4 ;
    %load/vec4 v000002120df42a40_0;
    %load/vec4 v000002120dfc00d0_0;
    %cmp/s;
    %flag_get/vec4 5;
    %pad/u 32;
    %store/vec4 v000002120dfc0030_0, 0, 32;
    %jmp T_1.10;
T_1.5 ;
    %load/vec4 v000002120df42a40_0;
    %load/vec4 v000002120dfc00d0_0;
    %ix/vec4 4;
    %shiftl 4;
    %store/vec4 v000002120dfc0030_0, 0, 32;
    %jmp T_1.10;
T_1.6 ;
    %load/vec4 v000002120df42a40_0;
    %load/vec4 v000002120dfc00d0_0;
    %ix/vec4 4;
    %shiftr/s 4;
    %store/vec4 v000002120dfc0030_0, 0, 32;
    %jmp T_1.10;
T_1.7 ;
    %load/vec4 v000002120df42a40_0;
    %load/vec4 v000002120dfc00d0_0;
    %ix/vec4 4;
    %shiftr 4;
    %store/vec4 v000002120dfc0030_0, 0, 32;
    %jmp T_1.10;
T_1.8 ;
    %load/vec4 v000002120df42a40_0;
    %store/vec4 v000002120df2bbb0_0, 0, 32;
    %callf/vec4 TD_ALU.counting_trailing_Zeros, S_000002120df428b0;
    %store/vec4 v000002120dfc0030_0, 0, 32;
    %jmp T_1.10;
T_1.10 ;
    %pop/vec4 1;
    %jmp T_1;
    .thread T_1, $push;
# The file index is used to find the file name in the following table.
:file_names 3;
    "N/A";
    "<interactive>";
    "ALU.v";
