#! /c/Source/iverilog-install/bin/vvp
:ivl_version "12.0 (devel)" "(s20150603-1110-g18392a46)";
:ivl_delay_selection "TYPICAL";
:vpi_time_precision + 0;
:vpi_module "C:\iverilog\lib\ivl\system.vpi";
:vpi_module "C:\iverilog\lib\ivl\vhdl_sys.vpi";
:vpi_module "C:\iverilog\lib\ivl\vhdl_textio.vpi";
:vpi_module "C:\iverilog\lib\ivl\v2005_math.vpi";
:vpi_module "C:\iverilog\lib\ivl\va_math.vpi";
S_0000021ad7462830 .scope module, "DataMemory" "DataMemory" 2 1;
 .timescale 0 0;
    .port_info 0 /INPUT 1 "rst";
    .port_info 1 /INPUT 1 "clk";
    .port_info 2 /INPUT 1 "memWrite";
    .port_info 3 /INPUT 1 "memRead";
    .port_info 4 /INPUT 32 "address";
    .port_info 5 /INPUT 32 "writeData";
    .port_info 6 /OUTPUT 32 "readData";
o0000021ad74be4c8 .functor BUFZ 32, C4<zzzzzzzzzzzzzzzzzzzzzzzzzzzzzzzz>; HiZ drive
v0000021ad7462df0_0 .net "address", 31 0, o0000021ad74be4c8;  0 drivers
o0000021ad74be4f8 .functor BUFZ 1, C4<z>; HiZ drive
v0000021ad74629c0_0 .net "clk", 0 0, o0000021ad74be4f8;  0 drivers
v0000021ad7462a60 .array "data_memory", 0 127, 7 0;
o0000021ad74bfd28 .functor BUFZ 1, C4<z>; HiZ drive
v0000021ad7462b00_0 .net "memRead", 0 0, o0000021ad74bfd28;  0 drivers
o0000021ad74bfd58 .functor BUFZ 1, C4<z>; HiZ drive
v0000021ad7494550_0 .net "memWrite", 0 0, o0000021ad74bfd58;  0 drivers
v0000021ad74945f0_0 .var "readData", 31 0;
o0000021ad74bfdb8 .functor BUFZ 1, C4<z>; HiZ drive
v0000021ad7494690_0 .net "rst", 0 0, o0000021ad74bfdb8;  0 drivers
o0000021ad74bfde8 .functor BUFZ 32, C4<zzzzzzzzzzzzzzzzzzzzzzzzzzzzzzzz>; HiZ drive
v0000021ad7494730_0 .net "writeData", 31 0, o0000021ad74bfde8;  0 drivers
v0000021ad7462a60_0 .array/port v0000021ad7462a60, 0;
v0000021ad7462a60_1 .array/port v0000021ad7462a60, 1;
E_0000021ad7490b60/0 .event anyedge, v0000021ad7462b00_0, v0000021ad7462df0_0, v0000021ad7462a60_0, v0000021ad7462a60_1;
v0000021ad7462a60_2 .array/port v0000021ad7462a60, 2;
v0000021ad7462a60_3 .array/port v0000021ad7462a60, 3;
v0000021ad7462a60_4 .array/port v0000021ad7462a60, 4;
v0000021ad7462a60_5 .array/port v0000021ad7462a60, 5;
E_0000021ad7490b60/1 .event anyedge, v0000021ad7462a60_2, v0000021ad7462a60_3, v0000021ad7462a60_4, v0000021ad7462a60_5;
v0000021ad7462a60_6 .array/port v0000021ad7462a60, 6;
v0000021ad7462a60_7 .array/port v0000021ad7462a60, 7;
v0000021ad7462a60_8 .array/port v0000021ad7462a60, 8;
v0000021ad7462a60_9 .array/port v0000021ad7462a60, 9;
E_0000021ad7490b60/2 .event anyedge, v0000021ad7462a60_6, v0000021ad7462a60_7, v0000021ad7462a60_8, v0000021ad7462a60_9;
v0000021ad7462a60_10 .array/port v0000021ad7462a60, 10;
v0000021ad7462a60_11 .array/port v0000021ad7462a60, 11;
v0000021ad7462a60_12 .array/port v0000021ad7462a60, 12;
v0000021ad7462a60_13 .array/port v0000021ad7462a60, 13;
E_0000021ad7490b60/3 .event anyedge, v0000021ad7462a60_10, v0000021ad7462a60_11, v0000021ad7462a60_12, v0000021ad7462a60_13;
v0000021ad7462a60_14 .array/port v0000021ad7462a60, 14;
v0000021ad7462a60_15 .array/port v0000021ad7462a60, 15;
v0000021ad7462a60_16 .array/port v0000021ad7462a60, 16;
v0000021ad7462a60_17 .array/port v0000021ad7462a60, 17;
E_0000021ad7490b60/4 .event anyedge, v0000021ad7462a60_14, v0000021ad7462a60_15, v0000021ad7462a60_16, v0000021ad7462a60_17;
v0000021ad7462a60_18 .array/port v0000021ad7462a60, 18;
v0000021ad7462a60_19 .array/port v0000021ad7462a60, 19;
v0000021ad7462a60_20 .array/port v0000021ad7462a60, 20;
v0000021ad7462a60_21 .array/port v0000021ad7462a60, 21;
E_0000021ad7490b60/5 .event anyedge, v0000021ad7462a60_18, v0000021ad7462a60_19, v0000021ad7462a60_20, v0000021ad7462a60_21;
v0000021ad7462a60_22 .array/port v0000021ad7462a60, 22;
v0000021ad7462a60_23 .array/port v0000021ad7462a60, 23;
v0000021ad7462a60_24 .array/port v0000021ad7462a60, 24;
v0000021ad7462a60_25 .array/port v0000021ad7462a60, 25;
E_0000021ad7490b60/6 .event anyedge, v0000021ad7462a60_22, v0000021ad7462a60_23, v0000021ad7462a60_24, v0000021ad7462a60_25;
v0000021ad7462a60_26 .array/port v0000021ad7462a60, 26;
v0000021ad7462a60_27 .array/port v0000021ad7462a60, 27;
v0000021ad7462a60_28 .array/port v0000021ad7462a60, 28;
v0000021ad7462a60_29 .array/port v0000021ad7462a60, 29;
E_0000021ad7490b60/7 .event anyedge, v0000021ad7462a60_26, v0000021ad7462a60_27, v0000021ad7462a60_28, v0000021ad7462a60_29;
v0000021ad7462a60_30 .array/port v0000021ad7462a60, 30;
v0000021ad7462a60_31 .array/port v0000021ad7462a60, 31;
v0000021ad7462a60_32 .array/port v0000021ad7462a60, 32;
v0000021ad7462a60_33 .array/port v0000021ad7462a60, 33;
E_0000021ad7490b60/8 .event anyedge, v0000021ad7462a60_30, v0000021ad7462a60_31, v0000021ad7462a60_32, v0000021ad7462a60_33;
v0000021ad7462a60_34 .array/port v0000021ad7462a60, 34;
v0000021ad7462a60_35 .array/port v0000021ad7462a60, 35;
v0000021ad7462a60_36 .array/port v0000021ad7462a60, 36;
v0000021ad7462a60_37 .array/port v0000021ad7462a60, 37;
E_0000021ad7490b60/9 .event anyedge, v0000021ad7462a60_34, v0000021ad7462a60_35, v0000021ad7462a60_36, v0000021ad7462a60_37;
v0000021ad7462a60_38 .array/port v0000021ad7462a60, 38;
v0000021ad7462a60_39 .array/port v0000021ad7462a60, 39;
v0000021ad7462a60_40 .array/port v0000021ad7462a60, 40;
v0000021ad7462a60_41 .array/port v0000021ad7462a60, 41;
E_0000021ad7490b60/10 .event anyedge, v0000021ad7462a60_38, v0000021ad7462a60_39, v0000021ad7462a60_40, v0000021ad7462a60_41;
v0000021ad7462a60_42 .array/port v0000021ad7462a60, 42;
v0000021ad7462a60_43 .array/port v0000021ad7462a60, 43;
v0000021ad7462a60_44 .array/port v0000021ad7462a60, 44;
v0000021ad7462a60_45 .array/port v0000021ad7462a60, 45;
E_0000021ad7490b60/11 .event anyedge, v0000021ad7462a60_42, v0000021ad7462a60_43, v0000021ad7462a60_44, v0000021ad7462a60_45;
v0000021ad7462a60_46 .array/port v0000021ad7462a60, 46;
v0000021ad7462a60_47 .array/port v0000021ad7462a60, 47;
v0000021ad7462a60_48 .array/port v0000021ad7462a60, 48;
v0000021ad7462a60_49 .array/port v0000021ad7462a60, 49;
E_0000021ad7490b60/12 .event anyedge, v0000021ad7462a60_46, v0000021ad7462a60_47, v0000021ad7462a60_48, v0000021ad7462a60_49;
v0000021ad7462a60_50 .array/port v0000021ad7462a60, 50;
v0000021ad7462a60_51 .array/port v0000021ad7462a60, 51;
v0000021ad7462a60_52 .array/port v0000021ad7462a60, 52;
v0000021ad7462a60_53 .array/port v0000021ad7462a60, 53;
E_0000021ad7490b60/13 .event anyedge, v0000021ad7462a60_50, v0000021ad7462a60_51, v0000021ad7462a60_52, v0000021ad7462a60_53;
v0000021ad7462a60_54 .array/port v0000021ad7462a60, 54;
v0000021ad7462a60_55 .array/port v0000021ad7462a60, 55;
v0000021ad7462a60_56 .array/port v0000021ad7462a60, 56;
v0000021ad7462a60_57 .array/port v0000021ad7462a60, 57;
E_0000021ad7490b60/14 .event anyedge, v0000021ad7462a60_54, v0000021ad7462a60_55, v0000021ad7462a60_56, v0000021ad7462a60_57;
v0000021ad7462a60_58 .array/port v0000021ad7462a60, 58;
v0000021ad7462a60_59 .array/port v0000021ad7462a60, 59;
v0000021ad7462a60_60 .array/port v0000021ad7462a60, 60;
v0000021ad7462a60_61 .array/port v0000021ad7462a60, 61;
E_0000021ad7490b60/15 .event anyedge, v0000021ad7462a60_58, v0000021ad7462a60_59, v0000021ad7462a60_60, v0000021ad7462a60_61;
v0000021ad7462a60_62 .array/port v0000021ad7462a60, 62;
v0000021ad7462a60_63 .array/port v0000021ad7462a60, 63;
v0000021ad7462a60_64 .array/port v0000021ad7462a60, 64;
v0000021ad7462a60_65 .array/port v0000021ad7462a60, 65;
E_0000021ad7490b60/16 .event anyedge, v0000021ad7462a60_62, v0000021ad7462a60_63, v0000021ad7462a60_64, v0000021ad7462a60_65;
v0000021ad7462a60_66 .array/port v0000021ad7462a60, 66;
v0000021ad7462a60_67 .array/port v0000021ad7462a60, 67;
v0000021ad7462a60_68 .array/port v0000021ad7462a60, 68;
v0000021ad7462a60_69 .array/port v0000021ad7462a60, 69;
E_0000021ad7490b60/17 .event anyedge, v0000021ad7462a60_66, v0000021ad7462a60_67, v0000021ad7462a60_68, v0000021ad7462a60_69;
v0000021ad7462a60_70 .array/port v0000021ad7462a60, 70;
v0000021ad7462a60_71 .array/port v0000021ad7462a60, 71;
v0000021ad7462a60_72 .array/port v0000021ad7462a60, 72;
v0000021ad7462a60_73 .array/port v0000021ad7462a60, 73;
E_0000021ad7490b60/18 .event anyedge, v0000021ad7462a60_70, v0000021ad7462a60_71, v0000021ad7462a60_72, v0000021ad7462a60_73;
v0000021ad7462a60_74 .array/port v0000021ad7462a60, 74;
v0000021ad7462a60_75 .array/port v0000021ad7462a60, 75;
v0000021ad7462a60_76 .array/port v0000021ad7462a60, 76;
v0000021ad7462a60_77 .array/port v0000021ad7462a60, 77;
E_0000021ad7490b60/19 .event anyedge, v0000021ad7462a60_74, v0000021ad7462a60_75, v0000021ad7462a60_76, v0000021ad7462a60_77;
v0000021ad7462a60_78 .array/port v0000021ad7462a60, 78;
v0000021ad7462a60_79 .array/port v0000021ad7462a60, 79;
v0000021ad7462a60_80 .array/port v0000021ad7462a60, 80;
v0000021ad7462a60_81 .array/port v0000021ad7462a60, 81;
E_0000021ad7490b60/20 .event anyedge, v0000021ad7462a60_78, v0000021ad7462a60_79, v0000021ad7462a60_80, v0000021ad7462a60_81;
v0000021ad7462a60_82 .array/port v0000021ad7462a60, 82;
v0000021ad7462a60_83 .array/port v0000021ad7462a60, 83;
v0000021ad7462a60_84 .array/port v0000021ad7462a60, 84;
v0000021ad7462a60_85 .array/port v0000021ad7462a60, 85;
E_0000021ad7490b60/21 .event anyedge, v0000021ad7462a60_82, v0000021ad7462a60_83, v0000021ad7462a60_84, v0000021ad7462a60_85;
v0000021ad7462a60_86 .array/port v0000021ad7462a60, 86;
v0000021ad7462a60_87 .array/port v0000021ad7462a60, 87;
v0000021ad7462a60_88 .array/port v0000021ad7462a60, 88;
v0000021ad7462a60_89 .array/port v0000021ad7462a60, 89;
E_0000021ad7490b60/22 .event anyedge, v0000021ad7462a60_86, v0000021ad7462a60_87, v0000021ad7462a60_88, v0000021ad7462a60_89;
v0000021ad7462a60_90 .array/port v0000021ad7462a60, 90;
v0000021ad7462a60_91 .array/port v0000021ad7462a60, 91;
v0000021ad7462a60_92 .array/port v0000021ad7462a60, 92;
v0000021ad7462a60_93 .array/port v0000021ad7462a60, 93;
E_0000021ad7490b60/23 .event anyedge, v0000021ad7462a60_90, v0000021ad7462a60_91, v0000021ad7462a60_92, v0000021ad7462a60_93;
v0000021ad7462a60_94 .array/port v0000021ad7462a60, 94;
v0000021ad7462a60_95 .array/port v0000021ad7462a60, 95;
v0000021ad7462a60_96 .array/port v0000021ad7462a60, 96;
v0000021ad7462a60_97 .array/port v0000021ad7462a60, 97;
E_0000021ad7490b60/24 .event anyedge, v0000021ad7462a60_94, v0000021ad7462a60_95, v0000021ad7462a60_96, v0000021ad7462a60_97;
v0000021ad7462a60_98 .array/port v0000021ad7462a60, 98;
v0000021ad7462a60_99 .array/port v0000021ad7462a60, 99;
v0000021ad7462a60_100 .array/port v0000021ad7462a60, 100;
v0000021ad7462a60_101 .array/port v0000021ad7462a60, 101;
E_0000021ad7490b60/25 .event anyedge, v0000021ad7462a60_98, v0000021ad7462a60_99, v0000021ad7462a60_100, v0000021ad7462a60_101;
v0000021ad7462a60_102 .array/port v0000021ad7462a60, 102;
v0000021ad7462a60_103 .array/port v0000021ad7462a60, 103;
v0000021ad7462a60_104 .array/port v0000021ad7462a60, 104;
v0000021ad7462a60_105 .array/port v0000021ad7462a60, 105;
E_0000021ad7490b60/26 .event anyedge, v0000021ad7462a60_102, v0000021ad7462a60_103, v0000021ad7462a60_104, v0000021ad7462a60_105;
v0000021ad7462a60_106 .array/port v0000021ad7462a60, 106;
v0000021ad7462a60_107 .array/port v0000021ad7462a60, 107;
v0000021ad7462a60_108 .array/port v0000021ad7462a60, 108;
v0000021ad7462a60_109 .array/port v0000021ad7462a60, 109;
E_0000021ad7490b60/27 .event anyedge, v0000021ad7462a60_106, v0000021ad7462a60_107, v0000021ad7462a60_108, v0000021ad7462a60_109;
v0000021ad7462a60_110 .array/port v0000021ad7462a60, 110;
v0000021ad7462a60_111 .array/port v0000021ad7462a60, 111;
v0000021ad7462a60_112 .array/port v0000021ad7462a60, 112;
v0000021ad7462a60_113 .array/port v0000021ad7462a60, 113;
E_0000021ad7490b60/28 .event anyedge, v0000021ad7462a60_110, v0000021ad7462a60_111, v0000021ad7462a60_112, v0000021ad7462a60_113;
v0000021ad7462a60_114 .array/port v0000021ad7462a60, 114;
v0000021ad7462a60_115 .array/port v0000021ad7462a60, 115;
v0000021ad7462a60_116 .array/port v0000021ad7462a60, 116;
v0000021ad7462a60_117 .array/port v0000021ad7462a60, 117;
E_0000021ad7490b60/29 .event anyedge, v0000021ad7462a60_114, v0000021ad7462a60_115, v0000021ad7462a60_116, v0000021ad7462a60_117;
v0000021ad7462a60_118 .array/port v0000021ad7462a60, 118;
v0000021ad7462a60_119 .array/port v0000021ad7462a60, 119;
v0000021ad7462a60_120 .array/port v0000021ad7462a60, 120;
v0000021ad7462a60_121 .array/port v0000021ad7462a60, 121;
E_0000021ad7490b60/30 .event anyedge, v0000021ad7462a60_118, v0000021ad7462a60_119, v0000021ad7462a60_120, v0000021ad7462a60_121;
v0000021ad7462a60_122 .array/port v0000021ad7462a60, 122;
v0000021ad7462a60_123 .array/port v0000021ad7462a60, 123;
v0000021ad7462a60_124 .array/port v0000021ad7462a60, 124;
v0000021ad7462a60_125 .array/port v0000021ad7462a60, 125;
E_0000021ad7490b60/31 .event anyedge, v0000021ad7462a60_122, v0000021ad7462a60_123, v0000021ad7462a60_124, v0000021ad7462a60_125;
v0000021ad7462a60_126 .array/port v0000021ad7462a60, 126;
v0000021ad7462a60_127 .array/port v0000021ad7462a60, 127;
E_0000021ad7490b60/32 .event anyedge, v0000021ad7462a60_126, v0000021ad7462a60_127;
E_0000021ad7490b60 .event/or E_0000021ad7490b60/0, E_0000021ad7490b60/1, E_0000021ad7490b60/2, E_0000021ad7490b60/3, E_0000021ad7490b60/4, E_0000021ad7490b60/5, E_0000021ad7490b60/6, E_0000021ad7490b60/7, E_0000021ad7490b60/8, E_0000021ad7490b60/9, E_0000021ad7490b60/10, E_0000021ad7490b60/11, E_0000021ad7490b60/12, E_0000021ad7490b60/13, E_0000021ad7490b60/14, E_0000021ad7490b60/15, E_0000021ad7490b60/16, E_0000021ad7490b60/17, E_0000021ad7490b60/18, E_0000021ad7490b60/19, E_0000021ad7490b60/20, E_0000021ad7490b60/21, E_0000021ad7490b60/22, E_0000021ad7490b60/23, E_0000021ad7490b60/24, E_0000021ad7490b60/25, E_0000021ad7490b60/26, E_0000021ad7490b60/27, E_0000021ad7490b60/28, E_0000021ad7490b60/29, E_0000021ad7490b60/30, E_0000021ad7490b60/31, E_0000021ad7490b60/32;
E_0000021ad748ff20 .event posedge, v0000021ad74629c0_0;
    .scope S_0000021ad7462830;
T_0 ;
    %wait E_0000021ad748ff20;
    %load/vec4 v0000021ad7494690_0;
    %inv;
    %flag_set/vec4 8;
    %jmp/0xz  T_0.0, 8;
    %pushi/vec4 0, 0, 8;
    %ix/load 3, 0, 0;
    %flag_set/imm 4, 0;
    %ix/load 4, 0, 0; Constant delay
    %assign/vec4/a/d v0000021ad7462a60, 0, 4;
    %pushi/vec4 0, 0, 8;
    %ix/load 3, 1, 0;
    %flag_set/imm 4, 0;
    %ix/load 4, 0, 0; Constant delay
    %assign/vec4/a/d v0000021ad7462a60, 0, 4;
    %pushi/vec4 0, 0, 8;
    %ix/load 3, 2, 0;
    %flag_set/imm 4, 0;
    %ix/load 4, 0, 0; Constant delay
    %assign/vec4/a/d v0000021ad7462a60, 0, 4;
    %pushi/vec4 0, 0, 8;
    %ix/load 3, 3, 0;
    %flag_set/imm 4, 0;
    %ix/load 4, 0, 0; Constant delay
    %assign/vec4/a/d v0000021ad7462a60, 0, 4;
    %pushi/vec4 0, 0, 8;
    %ix/load 3, 4, 0;
    %flag_set/imm 4, 0;
    %ix/load 4, 0, 0; Constant delay
    %assign/vec4/a/d v0000021ad7462a60, 0, 4;
    %pushi/vec4 0, 0, 8;
    %ix/load 3, 5, 0;
    %flag_set/imm 4, 0;
    %ix/load 4, 0, 0; Constant delay
    %assign/vec4/a/d v0000021ad7462a60, 0, 4;
    %pushi/vec4 0, 0, 8;
    %ix/load 3, 6, 0;
    %flag_set/imm 4, 0;
    %ix/load 4, 0, 0; Constant delay
    %assign/vec4/a/d v0000021ad7462a60, 0, 4;
    %pushi/vec4 0, 0, 8;
    %ix/load 3, 7, 0;
    %flag_set/imm 4, 0;
    %ix/load 4, 0, 0; Constant delay
    %assign/vec4/a/d v0000021ad7462a60, 0, 4;
    %pushi/vec4 0, 0, 8;
    %ix/load 3, 8, 0;
    %flag_set/imm 4, 0;
    %ix/load 4, 0, 0; Constant delay
    %assign/vec4/a/d v0000021ad7462a60, 0, 4;
    %pushi/vec4 0, 0, 8;
    %ix/load 3, 9, 0;
    %flag_set/imm 4, 0;
    %ix/load 4, 0, 0; Constant delay
    %assign/vec4/a/d v0000021ad7462a60, 0, 4;
    %pushi/vec4 0, 0, 8;
    %ix/load 3, 10, 0;
    %flag_set/imm 4, 0;
    %ix/load 4, 0, 0; Constant delay
    %assign/vec4/a/d v0000021ad7462a60, 0, 4;
    %pushi/vec4 0, 0, 8;
    %ix/load 3, 11, 0;
    %flag_set/imm 4, 0;
    %ix/load 4, 0, 0; Constant delay
    %assign/vec4/a/d v0000021ad7462a60, 0, 4;
    %pushi/vec4 0, 0, 8;
    %ix/load 3, 12, 0;
    %flag_set/imm 4, 0;
    %ix/load 4, 0, 0; Constant delay
    %assign/vec4/a/d v0000021ad7462a60, 0, 4;
    %pushi/vec4 0, 0, 8;
    %ix/load 3, 13, 0;
    %flag_set/imm 4, 0;
    %ix/load 4, 0, 0; Constant delay
    %assign/vec4/a/d v0000021ad7462a60, 0, 4;
    %pushi/vec4 0, 0, 8;
    %ix/load 3, 14, 0;
    %flag_set/imm 4, 0;
    %ix/load 4, 0, 0; Constant delay
    %assign/vec4/a/d v0000021ad7462a60, 0, 4;
    %pushi/vec4 0, 0, 8;
    %ix/load 3, 15, 0;
    %flag_set/imm 4, 0;
    %ix/load 4, 0, 0; Constant delay
    %assign/vec4/a/d v0000021ad7462a60, 0, 4;
    %pushi/vec4 0, 0, 8;
    %ix/load 3, 16, 0;
    %flag_set/imm 4, 0;
    %ix/load 4, 0, 0; Constant delay
    %assign/vec4/a/d v0000021ad7462a60, 0, 4;
    %pushi/vec4 0, 0, 8;
    %ix/load 3, 17, 0;
    %flag_set/imm 4, 0;
    %ix/load 4, 0, 0; Constant delay
    %assign/vec4/a/d v0000021ad7462a60, 0, 4;
    %pushi/vec4 0, 0, 8;
    %ix/load 3, 18, 0;
    %flag_set/imm 4, 0;
    %ix/load 4, 0, 0; Constant delay
    %assign/vec4/a/d v0000021ad7462a60, 0, 4;
    %pushi/vec4 0, 0, 8;
    %ix/load 3, 19, 0;
    %flag_set/imm 4, 0;
    %ix/load 4, 0, 0; Constant delay
    %assign/vec4/a/d v0000021ad7462a60, 0, 4;
    %pushi/vec4 0, 0, 8;
    %ix/load 3, 20, 0;
    %flag_set/imm 4, 0;
    %ix/load 4, 0, 0; Constant delay
    %assign/vec4/a/d v0000021ad7462a60, 0, 4;
    %pushi/vec4 0, 0, 8;
    %ix/load 3, 21, 0;
    %flag_set/imm 4, 0;
    %ix/load 4, 0, 0; Constant delay
    %assign/vec4/a/d v0000021ad7462a60, 0, 4;
    %pushi/vec4 0, 0, 8;
    %ix/load 3, 22, 0;
    %flag_set/imm 4, 0;
    %ix/load 4, 0, 0; Constant delay
    %assign/vec4/a/d v0000021ad7462a60, 0, 4;
    %pushi/vec4 0, 0, 8;
    %ix/load 3, 23, 0;
    %flag_set/imm 4, 0;
    %ix/load 4, 0, 0; Constant delay
    %assign/vec4/a/d v0000021ad7462a60, 0, 4;
    %pushi/vec4 0, 0, 8;
    %ix/load 3, 24, 0;
    %flag_set/imm 4, 0;
    %ix/load 4, 0, 0; Constant delay
    %assign/vec4/a/d v0000021ad7462a60, 0, 4;
    %pushi/vec4 0, 0, 8;
    %ix/load 3, 25, 0;
    %flag_set/imm 4, 0;
    %ix/load 4, 0, 0; Constant delay
    %assign/vec4/a/d v0000021ad7462a60, 0, 4;
    %pushi/vec4 0, 0, 8;
    %ix/load 3, 26, 0;
    %flag_set/imm 4, 0;
    %ix/load 4, 0, 0; Constant delay
    %assign/vec4/a/d v0000021ad7462a60, 0, 4;
    %pushi/vec4 0, 0, 8;
    %ix/load 3, 27, 0;
    %flag_set/imm 4, 0;
    %ix/load 4, 0, 0; Constant delay
    %assign/vec4/a/d v0000021ad7462a60, 0, 4;
    %pushi/vec4 0, 0, 8;
    %ix/load 3, 28, 0;
    %flag_set/imm 4, 0;
    %ix/load 4, 0, 0; Constant delay
    %assign/vec4/a/d v0000021ad7462a60, 0, 4;
    %pushi/vec4 0, 0, 8;
    %ix/load 3, 29, 0;
    %flag_set/imm 4, 0;
    %ix/load 4, 0, 0; Constant delay
    %assign/vec4/a/d v0000021ad7462a60, 0, 4;
    %pushi/vec4 0, 0, 8;
    %ix/load 3, 30, 0;
    %flag_set/imm 4, 0;
    %ix/load 4, 0, 0; Constant delay
    %assign/vec4/a/d v0000021ad7462a60, 0, 4;
    %pushi/vec4 0, 0, 8;
    %ix/load 3, 31, 0;
    %flag_set/imm 4, 0;
    %ix/load 4, 0, 0; Constant delay
    %assign/vec4/a/d v0000021ad7462a60, 0, 4;
    %pushi/vec4 0, 0, 8;
    %ix/load 3, 32, 0;
    %flag_set/imm 4, 0;
    %ix/load 4, 0, 0; Constant delay
    %assign/vec4/a/d v0000021ad7462a60, 0, 4;
    %pushi/vec4 0, 0, 8;
    %ix/load 3, 33, 0;
    %flag_set/imm 4, 0;
    %ix/load 4, 0, 0; Constant delay
    %assign/vec4/a/d v0000021ad7462a60, 0, 4;
    %pushi/vec4 0, 0, 8;
    %ix/load 3, 34, 0;
    %flag_set/imm 4, 0;
    %ix/load 4, 0, 0; Constant delay
    %assign/vec4/a/d v0000021ad7462a60, 0, 4;
    %pushi/vec4 0, 0, 8;
    %ix/load 3, 35, 0;
    %flag_set/imm 4, 0;
    %ix/load 4, 0, 0; Constant delay
    %assign/vec4/a/d v0000021ad7462a60, 0, 4;
    %pushi/vec4 0, 0, 8;
    %ix/load 3, 36, 0;
    %flag_set/imm 4, 0;
    %ix/load 4, 0, 0; Constant delay
    %assign/vec4/a/d v0000021ad7462a60, 0, 4;
    %pushi/vec4 0, 0, 8;
    %ix/load 3, 37, 0;
    %flag_set/imm 4, 0;
    %ix/load 4, 0, 0; Constant delay
    %assign/vec4/a/d v0000021ad7462a60, 0, 4;
    %pushi/vec4 0, 0, 8;
    %ix/load 3, 38, 0;
    %flag_set/imm 4, 0;
    %ix/load 4, 0, 0; Constant delay
    %assign/vec4/a/d v0000021ad7462a60, 0, 4;
    %pushi/vec4 0, 0, 8;
    %ix/load 3, 39, 0;
    %flag_set/imm 4, 0;
    %ix/load 4, 0, 0; Constant delay
    %assign/vec4/a/d v0000021ad7462a60, 0, 4;
    %pushi/vec4 0, 0, 8;
    %ix/load 3, 40, 0;
    %flag_set/imm 4, 0;
    %ix/load 4, 0, 0; Constant delay
    %assign/vec4/a/d v0000021ad7462a60, 0, 4;
    %pushi/vec4 0, 0, 8;
    %ix/load 3, 41, 0;
    %flag_set/imm 4, 0;
    %ix/load 4, 0, 0; Constant delay
    %assign/vec4/a/d v0000021ad7462a60, 0, 4;
    %pushi/vec4 0, 0, 8;
    %ix/load 3, 42, 0;
    %flag_set/imm 4, 0;
    %ix/load 4, 0, 0; Constant delay
    %assign/vec4/a/d v0000021ad7462a60, 0, 4;
    %pushi/vec4 0, 0, 8;
    %ix/load 3, 43, 0;
    %flag_set/imm 4, 0;
    %ix/load 4, 0, 0; Constant delay
    %assign/vec4/a/d v0000021ad7462a60, 0, 4;
    %pushi/vec4 0, 0, 8;
    %ix/load 3, 44, 0;
    %flag_set/imm 4, 0;
    %ix/load 4, 0, 0; Constant delay
    %assign/vec4/a/d v0000021ad7462a60, 0, 4;
    %pushi/vec4 0, 0, 8;
    %ix/load 3, 45, 0;
    %flag_set/imm 4, 0;
    %ix/load 4, 0, 0; Constant delay
    %assign/vec4/a/d v0000021ad7462a60, 0, 4;
    %pushi/vec4 0, 0, 8;
    %ix/load 3, 46, 0;
    %flag_set/imm 4, 0;
    %ix/load 4, 0, 0; Constant delay
    %assign/vec4/a/d v0000021ad7462a60, 0, 4;
    %pushi/vec4 0, 0, 8;
    %ix/load 3, 47, 0;
    %flag_set/imm 4, 0;
    %ix/load 4, 0, 0; Constant delay
    %assign/vec4/a/d v0000021ad7462a60, 0, 4;
    %pushi/vec4 0, 0, 8;
    %ix/load 3, 48, 0;
    %flag_set/imm 4, 0;
    %ix/load 4, 0, 0; Constant delay
    %assign/vec4/a/d v0000021ad7462a60, 0, 4;
    %pushi/vec4 0, 0, 8;
    %ix/load 3, 49, 0;
    %flag_set/imm 4, 0;
    %ix/load 4, 0, 0; Constant delay
    %assign/vec4/a/d v0000021ad7462a60, 0, 4;
    %pushi/vec4 0, 0, 8;
    %ix/load 3, 50, 0;
    %flag_set/imm 4, 0;
    %ix/load 4, 0, 0; Constant delay
    %assign/vec4/a/d v0000021ad7462a60, 0, 4;
    %pushi/vec4 0, 0, 8;
    %ix/load 3, 51, 0;
    %flag_set/imm 4, 0;
    %ix/load 4, 0, 0; Constant delay
    %assign/vec4/a/d v0000021ad7462a60, 0, 4;
    %pushi/vec4 0, 0, 8;
    %ix/load 3, 52, 0;
    %flag_set/imm 4, 0;
    %ix/load 4, 0, 0; Constant delay
    %assign/vec4/a/d v0000021ad7462a60, 0, 4;
    %pushi/vec4 0, 0, 8;
    %ix/load 3, 53, 0;
    %flag_set/imm 4, 0;
    %ix/load 4, 0, 0; Constant delay
    %assign/vec4/a/d v0000021ad7462a60, 0, 4;
    %pushi/vec4 0, 0, 8;
    %ix/load 3, 54, 0;
    %flag_set/imm 4, 0;
    %ix/load 4, 0, 0; Constant delay
    %assign/vec4/a/d v0000021ad7462a60, 0, 4;
    %pushi/vec4 0, 0, 8;
    %ix/load 3, 55, 0;
    %flag_set/imm 4, 0;
    %ix/load 4, 0, 0; Constant delay
    %assign/vec4/a/d v0000021ad7462a60, 0, 4;
    %pushi/vec4 0, 0, 8;
    %ix/load 3, 56, 0;
    %flag_set/imm 4, 0;
    %ix/load 4, 0, 0; Constant delay
    %assign/vec4/a/d v0000021ad7462a60, 0, 4;
    %pushi/vec4 0, 0, 8;
    %ix/load 3, 57, 0;
    %flag_set/imm 4, 0;
    %ix/load 4, 0, 0; Constant delay
    %assign/vec4/a/d v0000021ad7462a60, 0, 4;
    %pushi/vec4 0, 0, 8;
    %ix/load 3, 58, 0;
    %flag_set/imm 4, 0;
    %ix/load 4, 0, 0; Constant delay
    %assign/vec4/a/d v0000021ad7462a60, 0, 4;
    %pushi/vec4 0, 0, 8;
    %ix/load 3, 59, 0;
    %flag_set/imm 4, 0;
    %ix/load 4, 0, 0; Constant delay
    %assign/vec4/a/d v0000021ad7462a60, 0, 4;
    %pushi/vec4 0, 0, 8;
    %ix/load 3, 60, 0;
    %flag_set/imm 4, 0;
    %ix/load 4, 0, 0; Constant delay
    %assign/vec4/a/d v0000021ad7462a60, 0, 4;
    %pushi/vec4 0, 0, 8;
    %ix/load 3, 61, 0;
    %flag_set/imm 4, 0;
    %ix/load 4, 0, 0; Constant delay
    %assign/vec4/a/d v0000021ad7462a60, 0, 4;
    %pushi/vec4 0, 0, 8;
    %ix/load 3, 62, 0;
    %flag_set/imm 4, 0;
    %ix/load 4, 0, 0; Constant delay
    %assign/vec4/a/d v0000021ad7462a60, 0, 4;
    %pushi/vec4 0, 0, 8;
    %ix/load 3, 63, 0;
    %flag_set/imm 4, 0;
    %ix/load 4, 0, 0; Constant delay
    %assign/vec4/a/d v0000021ad7462a60, 0, 4;
    %pushi/vec4 0, 0, 8;
    %ix/load 3, 64, 0;
    %flag_set/imm 4, 0;
    %ix/load 4, 0, 0; Constant delay
    %assign/vec4/a/d v0000021ad7462a60, 0, 4;
    %pushi/vec4 0, 0, 8;
    %ix/load 3, 65, 0;
    %flag_set/imm 4, 0;
    %ix/load 4, 0, 0; Constant delay
    %assign/vec4/a/d v0000021ad7462a60, 0, 4;
    %pushi/vec4 0, 0, 8;
    %ix/load 3, 66, 0;
    %flag_set/imm 4, 0;
    %ix/load 4, 0, 0; Constant delay
    %assign/vec4/a/d v0000021ad7462a60, 0, 4;
    %pushi/vec4 0, 0, 8;
    %ix/load 3, 67, 0;
    %flag_set/imm 4, 0;
    %ix/load 4, 0, 0; Constant delay
    %assign/vec4/a/d v0000021ad7462a60, 0, 4;
    %pushi/vec4 0, 0, 8;
    %ix/load 3, 68, 0;
    %flag_set/imm 4, 0;
    %ix/load 4, 0, 0; Constant delay
    %assign/vec4/a/d v0000021ad7462a60, 0, 4;
    %pushi/vec4 0, 0, 8;
    %ix/load 3, 69, 0;
    %flag_set/imm 4, 0;
    %ix/load 4, 0, 0; Constant delay
    %assign/vec4/a/d v0000021ad7462a60, 0, 4;
    %pushi/vec4 0, 0, 8;
    %ix/load 3, 70, 0;
    %flag_set/imm 4, 0;
    %ix/load 4, 0, 0; Constant delay
    %assign/vec4/a/d v0000021ad7462a60, 0, 4;
    %pushi/vec4 0, 0, 8;
    %ix/load 3, 71, 0;
    %flag_set/imm 4, 0;
    %ix/load 4, 0, 0; Constant delay
    %assign/vec4/a/d v0000021ad7462a60, 0, 4;
    %pushi/vec4 0, 0, 8;
    %ix/load 3, 72, 0;
    %flag_set/imm 4, 0;
    %ix/load 4, 0, 0; Constant delay
    %assign/vec4/a/d v0000021ad7462a60, 0, 4;
    %pushi/vec4 0, 0, 8;
    %ix/load 3, 73, 0;
    %flag_set/imm 4, 0;
    %ix/load 4, 0, 0; Constant delay
    %assign/vec4/a/d v0000021ad7462a60, 0, 4;
    %pushi/vec4 0, 0, 8;
    %ix/load 3, 74, 0;
    %flag_set/imm 4, 0;
    %ix/load 4, 0, 0; Constant delay
    %assign/vec4/a/d v0000021ad7462a60, 0, 4;
    %pushi/vec4 0, 0, 8;
    %ix/load 3, 75, 0;
    %flag_set/imm 4, 0;
    %ix/load 4, 0, 0; Constant delay
    %assign/vec4/a/d v0000021ad7462a60, 0, 4;
    %pushi/vec4 0, 0, 8;
    %ix/load 3, 76, 0;
    %flag_set/imm 4, 0;
    %ix/load 4, 0, 0; Constant delay
    %assign/vec4/a/d v0000021ad7462a60, 0, 4;
    %pushi/vec4 0, 0, 8;
    %ix/load 3, 77, 0;
    %flag_set/imm 4, 0;
    %ix/load 4, 0, 0; Constant delay
    %assign/vec4/a/d v0000021ad7462a60, 0, 4;
    %pushi/vec4 0, 0, 8;
    %ix/load 3, 78, 0;
    %flag_set/imm 4, 0;
    %ix/load 4, 0, 0; Constant delay
    %assign/vec4/a/d v0000021ad7462a60, 0, 4;
    %pushi/vec4 0, 0, 8;
    %ix/load 3, 79, 0;
    %flag_set/imm 4, 0;
    %ix/load 4, 0, 0; Constant delay
    %assign/vec4/a/d v0000021ad7462a60, 0, 4;
    %pushi/vec4 0, 0, 8;
    %ix/load 3, 80, 0;
    %flag_set/imm 4, 0;
    %ix/load 4, 0, 0; Constant delay
    %assign/vec4/a/d v0000021ad7462a60, 0, 4;
    %pushi/vec4 0, 0, 8;
    %ix/load 3, 81, 0;
    %flag_set/imm 4, 0;
    %ix/load 4, 0, 0; Constant delay
    %assign/vec4/a/d v0000021ad7462a60, 0, 4;
    %pushi/vec4 0, 0, 8;
    %ix/load 3, 82, 0;
    %flag_set/imm 4, 0;
    %ix/load 4, 0, 0; Constant delay
    %assign/vec4/a/d v0000021ad7462a60, 0, 4;
    %pushi/vec4 0, 0, 8;
    %ix/load 3, 83, 0;
    %flag_set/imm 4, 0;
    %ix/load 4, 0, 0; Constant delay
    %assign/vec4/a/d v0000021ad7462a60, 0, 4;
    %pushi/vec4 0, 0, 8;
    %ix/load 3, 84, 0;
    %flag_set/imm 4, 0;
    %ix/load 4, 0, 0; Constant delay
    %assign/vec4/a/d v0000021ad7462a60, 0, 4;
    %pushi/vec4 0, 0, 8;
    %ix/load 3, 85, 0;
    %flag_set/imm 4, 0;
    %ix/load 4, 0, 0; Constant delay
    %assign/vec4/a/d v0000021ad7462a60, 0, 4;
    %pushi/vec4 0, 0, 8;
    %ix/load 3, 86, 0;
    %flag_set/imm 4, 0;
    %ix/load 4, 0, 0; Constant delay
    %assign/vec4/a/d v0000021ad7462a60, 0, 4;
    %pushi/vec4 0, 0, 8;
    %ix/load 3, 87, 0;
    %flag_set/imm 4, 0;
    %ix/load 4, 0, 0; Constant delay
    %assign/vec4/a/d v0000021ad7462a60, 0, 4;
    %pushi/vec4 0, 0, 8;
    %ix/load 3, 88, 0;
    %flag_set/imm 4, 0;
    %ix/load 4, 0, 0; Constant delay
    %assign/vec4/a/d v0000021ad7462a60, 0, 4;
    %pushi/vec4 0, 0, 8;
    %ix/load 3, 89, 0;
    %flag_set/imm 4, 0;
    %ix/load 4, 0, 0; Constant delay
    %assign/vec4/a/d v0000021ad7462a60, 0, 4;
    %pushi/vec4 0, 0, 8;
    %ix/load 3, 90, 0;
    %flag_set/imm 4, 0;
    %ix/load 4, 0, 0; Constant delay
    %assign/vec4/a/d v0000021ad7462a60, 0, 4;
    %pushi/vec4 0, 0, 8;
    %ix/load 3, 91, 0;
    %flag_set/imm 4, 0;
    %ix/load 4, 0, 0; Constant delay
    %assign/vec4/a/d v0000021ad7462a60, 0, 4;
    %pushi/vec4 0, 0, 8;
    %ix/load 3, 92, 0;
    %flag_set/imm 4, 0;
    %ix/load 4, 0, 0; Constant delay
    %assign/vec4/a/d v0000021ad7462a60, 0, 4;
    %pushi/vec4 0, 0, 8;
    %ix/load 3, 93, 0;
    %flag_set/imm 4, 0;
    %ix/load 4, 0, 0; Constant delay
    %assign/vec4/a/d v0000021ad7462a60, 0, 4;
    %pushi/vec4 0, 0, 8;
    %ix/load 3, 94, 0;
    %flag_set/imm 4, 0;
    %ix/load 4, 0, 0; Constant delay
    %assign/vec4/a/d v0000021ad7462a60, 0, 4;
    %pushi/vec4 0, 0, 8;
    %ix/load 3, 95, 0;
    %flag_set/imm 4, 0;
    %ix/load 4, 0, 0; Constant delay
    %assign/vec4/a/d v0000021ad7462a60, 0, 4;
    %pushi/vec4 0, 0, 8;
    %ix/load 3, 96, 0;
    %flag_set/imm 4, 0;
    %ix/load 4, 0, 0; Constant delay
    %assign/vec4/a/d v0000021ad7462a60, 0, 4;
    %pushi/vec4 0, 0, 8;
    %ix/load 3, 97, 0;
    %flag_set/imm 4, 0;
    %ix/load 4, 0, 0; Constant delay
    %assign/vec4/a/d v0000021ad7462a60, 0, 4;
    %pushi/vec4 0, 0, 8;
    %ix/load 3, 98, 0;
    %flag_set/imm 4, 0;
    %ix/load 4, 0, 0; Constant delay
    %assign/vec4/a/d v0000021ad7462a60, 0, 4;
    %pushi/vec4 0, 0, 8;
    %ix/load 3, 99, 0;
    %flag_set/imm 4, 0;
    %ix/load 4, 0, 0; Constant delay
    %assign/vec4/a/d v0000021ad7462a60, 0, 4;
    %pushi/vec4 0, 0, 8;
    %ix/load 3, 100, 0;
    %flag_set/imm 4, 0;
    %ix/load 4, 0, 0; Constant delay
    %assign/vec4/a/d v0000021ad7462a60, 0, 4;
    %pushi/vec4 0, 0, 8;
    %ix/load 3, 101, 0;
    %flag_set/imm 4, 0;
    %ix/load 4, 0, 0; Constant delay
    %assign/vec4/a/d v0000021ad7462a60, 0, 4;
    %pushi/vec4 0, 0, 8;
    %ix/load 3, 102, 0;
    %flag_set/imm 4, 0;
    %ix/load 4, 0, 0; Constant delay
    %assign/vec4/a/d v0000021ad7462a60, 0, 4;
    %pushi/vec4 0, 0, 8;
    %ix/load 3, 103, 0;
    %flag_set/imm 4, 0;
    %ix/load 4, 0, 0; Constant delay
    %assign/vec4/a/d v0000021ad7462a60, 0, 4;
    %pushi/vec4 0, 0, 8;
    %ix/load 3, 104, 0;
    %flag_set/imm 4, 0;
    %ix/load 4, 0, 0; Constant delay
    %assign/vec4/a/d v0000021ad7462a60, 0, 4;
    %pushi/vec4 0, 0, 8;
    %ix/load 3, 105, 0;
    %flag_set/imm 4, 0;
    %ix/load 4, 0, 0; Constant delay
    %assign/vec4/a/d v0000021ad7462a60, 0, 4;
    %pushi/vec4 0, 0, 8;
    %ix/load 3, 106, 0;
    %flag_set/imm 4, 0;
    %ix/load 4, 0, 0; Constant delay
    %assign/vec4/a/d v0000021ad7462a60, 0, 4;
    %pushi/vec4 0, 0, 8;
    %ix/load 3, 107, 0;
    %flag_set/imm 4, 0;
    %ix/load 4, 0, 0; Constant delay
    %assign/vec4/a/d v0000021ad7462a60, 0, 4;
    %pushi/vec4 0, 0, 8;
    %ix/load 3, 108, 0;
    %flag_set/imm 4, 0;
    %ix/load 4, 0, 0; Constant delay
    %assign/vec4/a/d v0000021ad7462a60, 0, 4;
    %pushi/vec4 0, 0, 8;
    %ix/load 3, 109, 0;
    %flag_set/imm 4, 0;
    %ix/load 4, 0, 0; Constant delay
    %assign/vec4/a/d v0000021ad7462a60, 0, 4;
    %pushi/vec4 0, 0, 8;
    %ix/load 3, 110, 0;
    %flag_set/imm 4, 0;
    %ix/load 4, 0, 0; Constant delay
    %assign/vec4/a/d v0000021ad7462a60, 0, 4;
    %pushi/vec4 0, 0, 8;
    %ix/load 3, 111, 0;
    %flag_set/imm 4, 0;
    %ix/load 4, 0, 0; Constant delay
    %assign/vec4/a/d v0000021ad7462a60, 0, 4;
    %pushi/vec4 0, 0, 8;
    %ix/load 3, 112, 0;
    %flag_set/imm 4, 0;
    %ix/load 4, 0, 0; Constant delay
    %assign/vec4/a/d v0000021ad7462a60, 0, 4;
    %pushi/vec4 0, 0, 8;
    %ix/load 3, 113, 0;
    %flag_set/imm 4, 0;
    %ix/load 4, 0, 0; Constant delay
    %assign/vec4/a/d v0000021ad7462a60, 0, 4;
    %pushi/vec4 0, 0, 8;
    %ix/load 3, 114, 0;
    %flag_set/imm 4, 0;
    %ix/load 4, 0, 0; Constant delay
    %assign/vec4/a/d v0000021ad7462a60, 0, 4;
    %pushi/vec4 0, 0, 8;
    %ix/load 3, 115, 0;
    %flag_set/imm 4, 0;
    %ix/load 4, 0, 0; Constant delay
    %assign/vec4/a/d v0000021ad7462a60, 0, 4;
    %pushi/vec4 0, 0, 8;
    %ix/load 3, 116, 0;
    %flag_set/imm 4, 0;
    %ix/load 4, 0, 0; Constant delay
    %assign/vec4/a/d v0000021ad7462a60, 0, 4;
    %pushi/vec4 0, 0, 8;
    %ix/load 3, 117, 0;
    %flag_set/imm 4, 0;
    %ix/load 4, 0, 0; Constant delay
    %assign/vec4/a/d v0000021ad7462a60, 0, 4;
    %pushi/vec4 0, 0, 8;
    %ix/load 3, 118, 0;
    %flag_set/imm 4, 0;
    %ix/load 4, 0, 0; Constant delay
    %assign/vec4/a/d v0000021ad7462a60, 0, 4;
    %pushi/vec4 0, 0, 8;
    %ix/load 3, 119, 0;
    %flag_set/imm 4, 0;
    %ix/load 4, 0, 0; Constant delay
    %assign/vec4/a/d v0000021ad7462a60, 0, 4;
    %pushi/vec4 0, 0, 8;
    %ix/load 3, 120, 0;
    %flag_set/imm 4, 0;
    %ix/load 4, 0, 0; Constant delay
    %assign/vec4/a/d v0000021ad7462a60, 0, 4;
    %pushi/vec4 0, 0, 8;
    %ix/load 3, 121, 0;
    %flag_set/imm 4, 0;
    %ix/load 4, 0, 0; Constant delay
    %assign/vec4/a/d v0000021ad7462a60, 0, 4;
    %pushi/vec4 0, 0, 8;
    %ix/load 3, 122, 0;
    %flag_set/imm 4, 0;
    %ix/load 4, 0, 0; Constant delay
    %assign/vec4/a/d v0000021ad7462a60, 0, 4;
    %pushi/vec4 0, 0, 8;
    %ix/load 3, 123, 0;
    %flag_set/imm 4, 0;
    %ix/load 4, 0, 0; Constant delay
    %assign/vec4/a/d v0000021ad7462a60, 0, 4;
    %pushi/vec4 0, 0, 8;
    %ix/load 3, 124, 0;
    %flag_set/imm 4, 0;
    %ix/load 4, 0, 0; Constant delay
    %assign/vec4/a/d v0000021ad7462a60, 0, 4;
    %pushi/vec4 0, 0, 8;
    %ix/load 3, 125, 0;
    %flag_set/imm 4, 0;
    %ix/load 4, 0, 0; Constant delay
    %assign/vec4/a/d v0000021ad7462a60, 0, 4;
    %pushi/vec4 0, 0, 8;
    %ix/load 3, 126, 0;
    %flag_set/imm 4, 0;
    %ix/load 4, 0, 0; Constant delay
    %assign/vec4/a/d v0000021ad7462a60, 0, 4;
    %pushi/vec4 0, 0, 8;
    %ix/load 3, 127, 0;
    %flag_set/imm 4, 0;
    %ix/load 4, 0, 0; Constant delay
    %assign/vec4/a/d v0000021ad7462a60, 0, 4;
    %jmp T_0.1;
T_0.0 ;
    %load/vec4 v0000021ad7494550_0;
    %flag_set/vec4 8;
    %jmp/0xz  T_0.2, 8;
    %load/vec4 v0000021ad7494730_0;
    %parti/s 8, 24, 6;
    %load/vec4 v0000021ad7462df0_0;
    %pad/u 33;
    %addi 3, 0, 33;
    %ix/vec4 3;
    %ix/load 4, 0, 0; Constant delay
    %assign/vec4/a/d v0000021ad7462a60, 0, 4;
    %load/vec4 v0000021ad7494730_0;
    %parti/s 8, 16, 6;
    %load/vec4 v0000021ad7462df0_0;
    %pad/u 33;
    %addi 2, 0, 33;
    %ix/vec4 3;
    %ix/load 4, 0, 0; Constant delay
    %assign/vec4/a/d v0000021ad7462a60, 0, 4;
    %load/vec4 v0000021ad7494730_0;
    %parti/s 8, 8, 5;
    %load/vec4 v0000021ad7462df0_0;
    %pad/u 33;
    %addi 1, 0, 33;
    %ix/vec4 3;
    %ix/load 4, 0, 0; Constant delay
    %assign/vec4/a/d v0000021ad7462a60, 0, 4;
    %load/vec4 v0000021ad7494730_0;
    %parti/s 8, 0, 2;
    %ix/getv 3, v0000021ad7462df0_0;
    %ix/load 4, 0, 0; Constant delay
    %assign/vec4/a/d v0000021ad7462a60, 0, 4;
T_0.2 ;
T_0.1 ;
    %jmp T_0;
    .thread T_0;
    .scope S_0000021ad7462830;
T_1 ;
    %wait E_0000021ad7490b60;
    %load/vec4 v0000021ad7462b00_0;
    %flag_set/vec4 8;
    %jmp/0xz  T_1.0, 8;
    %load/vec4 v0000021ad7462df0_0;
    %pad/u 33;
    %addi 3, 0, 33;
    %ix/vec4 4;
    %load/vec4a v0000021ad7462a60, 4;
    %ix/load 4, 24, 0;
    %flag_set/imm 4, 0;
    %store/vec4 v0000021ad74945f0_0, 4, 8;
    %load/vec4 v0000021ad7462df0_0;
    %pad/u 33;
    %addi 2, 0, 33;
    %ix/vec4 4;
    %load/vec4a v0000021ad7462a60, 4;
    %ix/load 4, 16, 0;
    %flag_set/imm 4, 0;
    %store/vec4 v0000021ad74945f0_0, 4, 8;
    %load/vec4 v0000021ad7462df0_0;
    %pad/u 33;
    %addi 1, 0, 33;
    %ix/vec4 4;
    %load/vec4a v0000021ad7462a60, 4;
    %ix/load 4, 8, 0;
    %flag_set/imm 4, 0;
    %store/vec4 v0000021ad74945f0_0, 4, 8;
    %ix/getv 4, v0000021ad7462df0_0;
    %load/vec4a v0000021ad7462a60, 4;
    %ix/load 4, 0, 0;
    %flag_set/imm 4, 0;
    %store/vec4 v0000021ad74945f0_0, 4, 8;
    %jmp T_1.1;
T_1.0 ;
    %pushi/vec4 0, 0, 32;
    %store/vec4 v0000021ad74945f0_0, 0, 32;
T_1.1 ;
    %jmp T_1;
    .thread T_1, $push;
# The file index is used to find the file name in the following table.
:file_names 3;
    "N/A";
    "<interactive>";
    "DataMemory.v";
