#! /c/Source/iverilog-install/bin/vvp
:ivl_version "12.0 (devel)" "(s20150603-1110-g18392a46)";
:ivl_delay_selection "TYPICAL";
:vpi_time_precision + 0;
:vpi_module "C:\iverilog\lib\ivl\system.vpi";
:vpi_module "C:\iverilog\lib\ivl\vhdl_sys.vpi";
:vpi_module "C:\iverilog\lib\ivl\vhdl_textio.vpi";
:vpi_module "C:\iverilog\lib\ivl\v2005_math.vpi";
:vpi_module "C:\iverilog\lib\ivl\va_math.vpi";
S_000002703f686c20 .scope module, "ShiftLeftOne" "ShiftLeftOne" 2 1;
 .timescale 0 0;
    .port_info 0 /INPUT 32 "i";
    .port_info 1 /OUTPUT 32 "o";
v000002703f652f60_0 .net *"_ivl_2", 30 0, L_000002703f78edb0;  1 drivers
L_000002703f6c7e28 .functor BUFT 1, C4<0>, C4<0>, C4<0>, C4<0>;
v000002703f652b20_0 .net *"_ivl_4", 0 0, L_000002703f6c7e28;  1 drivers
o000002703f686e18 .functor BUFZ 32, C4<zzzzzzzzzzzzzzzzzzzzzzzzzzzzzzzz>; HiZ drive
v000002703f78ec70_0 .net/s "i", 31 0, o000002703f686e18;  0 drivers
v000002703f78ed10_0 .net/s "o", 31 0, L_000002703f78ee50;  1 drivers
L_000002703f78edb0 .part o000002703f686e18, 0, 31;
L_000002703f78ee50 .concat [ 1 31 0 0], L_000002703f6c7e28, L_000002703f78edb0;
# The file index is used to find the file name in the following table.
:file_names 3;
    "N/A";
    "<interactive>";
    "ShiftLeftOne.v";
